  [1m[36m (13.4ms)[0m  [1mCREATE TABLE `schema_migrations` (`version` varchar(255) NOT NULL) ENGINE=InnoDB[0m
  [1m[35m (26.0ms)[0m  CREATE UNIQUE INDEX `unique_schema_migrations`  ON `schema_migrations` (`version`) 
  [1m[36mActiveRecord::SchemaMigration Load (0.3ms)[0m  [1mSELECT `schema_migrations`.* FROM `schema_migrations`[0m
Migrating to DeviseCreateUsers (20150425083704)
DEPRECATION WARNING: `#timestamp` was called without specifying an option for `null`. In Rails 5, this behavior will change to `null: false`. You should manually specify `null: true` to prevent the behavior of your existing migrations from changing. (called from emit_warning_if_null_unspecified at /Users/praveen.sah/.rvm/gems/ruby-2.1.2@global/gems/activerecord-4.2.0/lib/active_record/connection_adapters/abstract/schema_definitions.rb:63)
  [1m[35m (14.8ms)[0m  CREATE TABLE `users` (`id` int(11) auto_increment PRIMARY KEY, `email` varchar(255) DEFAULT '' NOT NULL, `encrypted_password` varchar(255) DEFAULT '' NOT NULL, `reset_password_token` varchar(255), `reset_password_sent_at` datetime, `remember_created_at` datetime, `sign_in_count` int(11) DEFAULT 0 NOT NULL, `current_sign_in_at` datetime, `last_sign_in_at` datetime, `current_sign_in_ip` varchar(255), `last_sign_in_ip` varchar(255), `created_at` datetime, `updated_at` datetime) ENGINE=InnoDB
  [1m[36m (16.5ms)[0m  [1mCREATE UNIQUE INDEX `index_users_on_email`  ON `users` (`email`) [0m
  [1m[35m (13.2ms)[0m  CREATE UNIQUE INDEX `index_users_on_reset_password_token`  ON `users` (`reset_password_token`) 
  [1m[36m (0.5ms)[0m  [1mBEGIN[0m
  [1m[35mSQL (0.4ms)[0m  INSERT INTO `schema_migrations` (`version`) VALUES ('20150425083704')
  [1m[36m (0.4ms)[0m  [1mCOMMIT[0m
Migrating to AddNameToUser (20150425090541)
  [1m[35m (24.5ms)[0m  ALTER TABLE `users` ADD `name` varchar(255)
  [1m[36m (0.2ms)[0m  [1mBEGIN[0m
  [1m[35mSQL (0.3ms)[0m  INSERT INTO `schema_migrations` (`version`) VALUES ('20150425090541')
  [1m[36m (0.5ms)[0m  [1mCOMMIT[0m
Migrating to CreateProperties (20150425101609)
  [1m[35m (14.6ms)[0m  CREATE TABLE `properties` (`id` int(11) auto_increment PRIMARY KEY, `status` varchar(255), `latitude` float, `longitude` float, `boundary` text, `type` varchar(255), `sub_type` varchar(255), `landmark` varchar(255), `created_at` datetime NOT NULL, `updated_at` datetime NOT NULL) ENGINE=InnoDB
  [1m[36m (0.3ms)[0m  [1mBEGIN[0m
  [1m[35mSQL (0.3ms)[0m  INSERT INTO `schema_migrations` (`version`) VALUES ('20150425101609')
  [1m[36m (0.3ms)[0m  [1mCOMMIT[0m
  [1m[35mActiveRecord::SchemaMigration Load (0.4ms)[0m  SELECT `schema_migrations`.* FROM `schema_migrations`
  [1m[36m (0.9ms)[0m  [1mSELECT fk.referenced_table_name as 'to_table'
      ,fk.referenced_column_name as 'primary_key'
      ,fk.column_name as 'column'
      ,fk.constraint_name as 'name'
FROM information_schema.key_column_usage fk
WHERE fk.referenced_column_name is not null
  AND fk.table_schema = 'looknow_development'
  AND fk.table_name = 'properties'
[0m
  [1m[35m (0.2ms)[0m  SHOW CREATE TABLE `properties`
  [1m[36m (0.6ms)[0m  [1mSELECT fk.referenced_table_name as 'to_table'
      ,fk.referenced_column_name as 'primary_key'
      ,fk.column_name as 'column'
      ,fk.constraint_name as 'name'
FROM information_schema.key_column_usage fk
WHERE fk.referenced_column_name is not null
  AND fk.table_schema = 'looknow_development'
  AND fk.table_name = 'users'
[0m
  [1m[35m (0.3ms)[0m  SHOW CREATE TABLE `users`


Started GET "/" for ::1 at 2015-04-25 15:49:06 +0530
  [1m[36mActiveRecord::SchemaMigration Load (0.3ms)[0m  [1mSELECT `schema_migrations`.* FROM `schema_migrations`[0m
Processing by HomeController#index as HTML
Completed 401 Unauthorized in 27ms


Started GET "/users/sign_in" for ::1 at 2015-04-25 15:49:06 +0530
Processing by SessionsController#new as HTML
  Rendered sessions/new.html.erb within layouts/application (29.2ms)
Completed 200 OK in 6505ms (Views: 6485.5ms | ActiveRecord: 2.7ms)


Started GET "/assets/bootstrap.min.self-4fb47523e1659d44635cff48691ecabad11eb8cd0fd6e5178df255b9d46a4e70.css?body=1" for ::1 at 2015-04-25 15:49:13 +0530


Started GET "/assets/registration.self-e3b0c44298fc1c149afbf4c8996fb92427ae41e4649b934ca495991b7852b855.css?body=1" for ::1 at 2015-04-25 15:49:13 +0530


Started GET "/assets/application.self-d885a0a66bd595c10edb24f8879f94e334d88be0730c4d7c7a7b57c731c09037.css?body=1" for ::1 at 2015-04-25 15:49:13 +0530


Started GET "/assets/properties.self-e3b0c44298fc1c149afbf4c8996fb92427ae41e4649b934ca495991b7852b855.css?body=1" for ::1 at 2015-04-25 15:49:13 +0530


Started GET "/assets/home.self-e3b0c44298fc1c149afbf4c8996fb92427ae41e4649b934ca495991b7852b855.css?body=1" for ::1 at 2015-04-25 15:49:13 +0530


Started GET "/assets/sessions.self-e3b0c44298fc1c149afbf4c8996fb92427ae41e4649b934ca495991b7852b855.css?body=1" for ::1 at 2015-04-25 15:49:13 +0530


Started GET "/assets/jquery_ujs.self-8e98a7a072a6cee1372d19fff9ff3e6aa1e39a37d89d6f06861637d061113ee7.js?body=1" for ::1 at 2015-04-25 15:49:13 +0530


Started GET "/assets/jquery.self-d03a5518f45df77341bdbe6201ba3bfa547ebba8ed64f0ea56bfa5f96ea7c074.js?body=1" for ::1 at 2015-04-25 15:49:13 +0530


Started GET "/assets/turbolinks.self-c37727e9bd6b2735da5c311aa83fead54ed0be6cc8bd9a65309e9c5abe2cbfff.js?body=1" for ::1 at 2015-04-25 15:49:13 +0530


Started GET "/assets/bootstrap.min.self-cc4d73de6a68bbc5e81a5b498a1a30524a6ec86cf537cc9ef30c4d5f032e727d.js?body=1" for ::1 at 2015-04-25 15:49:13 +0530


Started GET "/assets/home.self-877aef30ae1b040ab8a3aba4e3e309a11d7f2612f44dde450b5c157aa5f95c05.js?body=1" for ::1 at 2015-04-25 15:49:13 +0530


Started GET "/assets/properties.self-877aef30ae1b040ab8a3aba4e3e309a11d7f2612f44dde450b5c157aa5f95c05.js?body=1" for ::1 at 2015-04-25 15:49:13 +0530


Started GET "/assets/sessions.self-877aef30ae1b040ab8a3aba4e3e309a11d7f2612f44dde450b5c157aa5f95c05.js?body=1" for ::1 at 2015-04-25 15:49:13 +0530


Started GET "/assets/registration.self-877aef30ae1b040ab8a3aba4e3e309a11d7f2612f44dde450b5c157aa5f95c05.js?body=1" for ::1 at 2015-04-25 15:49:13 +0530


Started GET "/assets/application.self-f98a0dd27ad1c55b2b9cfe97296d4887e5d4a4535b3bbbf9130c1050771738b2.js?body=1" for ::1 at 2015-04-25 15:49:13 +0530


Started POST "/users/sign_in" for ::1 at 2015-04-25 15:49:17 +0530
Processing by SessionsController#create as HTML
  Parameters: {"utf8"=>"✓", "authenticity_token"=>"hGMA8c6qipaJkmDGeMgKpZKsUi6qjeoCE+LoKVpJUoSJyN7Xhu7gRYvoPrgYyeMJfF3fXoxKw/5tlJXlhYA/iA==", "user"=>{"email"=>"thepraveen0207@gmail.com", "password"=>"[FILTERED]"}, "commit"=>"Sign In"}
  [1m[35mUser Load (2.3ms)[0m  SELECT  `users`.* FROM `users` WHERE `users`.`email` = 'thepraveen0207@gmail.com'  ORDER BY `users`.`id` ASC LIMIT 1
Completed 401 Unauthorized in 18ms
Processing by SessionsController#new as HTML
  Parameters: {"utf8"=>"✓", "authenticity_token"=>"hGMA8c6qipaJkmDGeMgKpZKsUi6qjeoCE+LoKVpJUoSJyN7Xhu7gRYvoPrgYyeMJfF3fXoxKw/5tlJXlhYA/iA==", "user"=>{"email"=>"thepraveen0207@gmail.com", "password"=>"[FILTERED]"}, "commit"=>"Sign In"}
  Rendered sessions/new.html.erb within layouts/application (10.8ms)
Completed 200 OK in 184ms (Views: 88.6ms | ActiveRecord: 0.0ms)


Started POST "/users/sign_in" for ::1 at 2015-04-25 15:49:20 +0530
Processing by SessionsController#create as HTML
  Parameters: {"utf8"=>"✓", "authenticity_token"=>"DV3wqedyAMx5bGJJNO8WavBCpmjYb1AO6cfHF/FpfTgA9i6PrzZqH3sWPDdU7v/GHrMrGP6oefKXsbrbLqAQNA==", "user"=>{"email"=>"thepraveen0207@gmail.com", "password"=>"[FILTERED]"}, "commit"=>"Sign In"}
  [1m[36mUser Load (0.5ms)[0m  [1mSELECT  `users`.* FROM `users` WHERE `users`.`email` = 'thepraveen0207@gmail.com'  ORDER BY `users`.`id` ASC LIMIT 1[0m
Completed 401 Unauthorized in 4ms
Processing by SessionsController#new as HTML
  Parameters: {"utf8"=>"✓", "authenticity_token"=>"DV3wqedyAMx5bGJJNO8WavBCpmjYb1AO6cfHF/FpfTgA9i6PrzZqH3sWPDdU7v/GHrMrGP6oefKXsbrbLqAQNA==", "user"=>{"email"=>"thepraveen0207@gmail.com", "password"=>"[FILTERED]"}, "commit"=>"Sign In"}
  Rendered sessions/new.html.erb within layouts/application (7.9ms)
Completed 200 OK in 173ms (Views: 91.1ms | ActiveRecord: 0.0ms)


Started GET "/users/password/new" for ::1 at 2015-04-25 15:49:22 +0530
Processing by Devise::PasswordsController#new as HTML
  Rendered /Users/praveen.sah/.rvm/gems/ruby-2.1.2/gems/devise-3.4.1/app/views/devise/shared/_links.html.erb (20.7ms)
  Rendered /Users/praveen.sah/.rvm/gems/ruby-2.1.2/gems/devise-3.4.1/app/views/devise/passwords/new.html.erb within layouts/application (44.4ms)
Completed 200 OK in 143ms (Views: 141.1ms | ActiveRecord: 0.0ms)


Started GET "/users/sign_up" for ::1 at 2015-04-25 15:49:25 +0530
Processing by RegistrationController#new as HTML
  Rendered registration/new.html.erb within layouts/homepage (11.8ms)
Completed 200 OK in 96ms (Views: 93.5ms | ActiveRecord: 0.0ms)


Started POST "/users" for ::1 at 2015-04-25 15:49:45 +0530
Processing by RegistrationController#create as HTML
  Parameters: {"utf8"=>"✓", "authenticity_token"=>"Y54eAdzwN7DCTcU6CKgoqDjvoxq8qozkwJcW1GKNm0JuNcAnlLRdY8A3m0RoqcEE1h4uapptpRi+4WsYvUT2Tg==", "user"=>{"name"=>"Praveen Sah", "email"=>"thepraveen0207@gmail.com", "password"=>"[FILTERED]", "password_confirmation"=>"[FILTERED]"}}
  [1m[35m (0.9ms)[0m  BEGIN
  [1m[36mUser Exists (5.7ms)[0m  [1mSELECT  1 AS one FROM `users` WHERE `users`.`email` = BINARY 'thepraveen0207@gmail.com' LIMIT 1[0m
  [1m[35mSQL (1.9ms)[0m  INSERT INTO `users` (`name`, `email`, `encrypted_password`, `created_at`, `updated_at`) VALUES ('Praveen Sah', 'thepraveen0207@gmail.com', '$2a$10$Vn/HHHsWLNOhd.Cfm1BZhusib51Gx50DB1ODo8YkWfSTE0yIi.60W', '2015-04-25 10:19:45.197629', '2015-04-25 10:19:45.197629')
  [1m[36m (0.4ms)[0m  [1mCOMMIT[0m
  [1m[35m (0.2ms)[0m  BEGIN
  [1m[36mSQL (1.9ms)[0m  [1mUPDATE `users` SET `last_sign_in_at` = '2015-04-25 10:19:45.202447', `current_sign_in_at` = '2015-04-25 10:19:45.202447', `last_sign_in_ip` = '::1', `current_sign_in_ip` = '::1', `sign_in_count` = 1, `updated_at` = '2015-04-25 10:19:45.203883' WHERE `users`.`id` = 1[0m
  [1m[35m (0.8ms)[0m  COMMIT
Redirected to http://localhost:3000/
Completed 302 Found in 135ms (ActiveRecord: 11.7ms)


Started GET "/" for ::1 at 2015-04-25 15:49:45 +0530
Processing by HomeController#index as HTML
  [1m[36mUser Load (0.8ms)[0m  [1mSELECT  `users`.* FROM `users` WHERE `users`.`id` = 1  ORDER BY `users`.`id` ASC LIMIT 1[0m
  Rendered home/index.html.erb within layouts/application (0.8ms)
Completed 200 OK in 87ms (Views: 82.5ms | ActiveRecord: 0.8ms)
  [1m[36m (18.0ms)[0m  [1mCREATE TABLE `schema_migrations` (`version` varchar(255) NOT NULL) ENGINE=InnoDB[0m
  [1m[35m (32.2ms)[0m  CREATE UNIQUE INDEX `unique_schema_migrations`  ON `schema_migrations` (`version`) 
  [1m[36mActiveRecord::SchemaMigration Load (0.2ms)[0m  [1mSELECT `schema_migrations`.* FROM `schema_migrations`[0m
Migrating to DeviseCreateUsers (20150425083704)
DEPRECATION WARNING: `#timestamp` was called without specifying an option for `null`. In Rails 5, this behavior will change to `null: false`. You should manually specify `null: true` to prevent the behavior of your existing migrations from changing. (called from emit_warning_if_null_unspecified at /Users/praveen.sah/.rvm/gems/ruby-2.1.2@global/gems/activerecord-4.2.0/lib/active_record/connection_adapters/abstract/schema_definitions.rb:63)
  [1m[35m (14.0ms)[0m  CREATE TABLE `users` (`id` int(11) auto_increment PRIMARY KEY, `email` varchar(255) DEFAULT '' NOT NULL, `encrypted_password` varchar(255) DEFAULT '' NOT NULL, `reset_password_token` varchar(255), `reset_password_sent_at` datetime, `remember_created_at` datetime, `sign_in_count` int(11) DEFAULT 0 NOT NULL, `current_sign_in_at` datetime, `last_sign_in_at` datetime, `current_sign_in_ip` varchar(255), `last_sign_in_ip` varchar(255), `created_at` datetime, `updated_at` datetime) ENGINE=InnoDB
  [1m[36m (15.0ms)[0m  [1mCREATE UNIQUE INDEX `index_users_on_email`  ON `users` (`email`) [0m
  [1m[35m (16.0ms)[0m  CREATE UNIQUE INDEX `index_users_on_reset_password_token`  ON `users` (`reset_password_token`) 
  [1m[36m (0.2ms)[0m  [1mBEGIN[0m
  [1m[35mSQL (0.4ms)[0m  INSERT INTO `schema_migrations` (`version`) VALUES ('20150425083704')
  [1m[36m (0.6ms)[0m  [1mCOMMIT[0m
Migrating to AddNameToUser (20150425090541)
  [1m[35m (32.5ms)[0m  ALTER TABLE `users` ADD `name` varchar(255)
  [1m[36m (0.2ms)[0m  [1mBEGIN[0m
  [1m[35mSQL (0.3ms)[0m  INSERT INTO `schema_migrations` (`version`) VALUES ('20150425090541')
  [1m[36m (0.6ms)[0m  [1mCOMMIT[0m
Migrating to CreateProperties (20150425101609)
  [1m[35m (16.5ms)[0m  CREATE TABLE `properties` (`id` int(11) auto_increment PRIMARY KEY, `latitude` float, `longitude` float, `boundary` text, `landmark` varchar(255), `created_at` datetime NOT NULL, `updated_at` datetime NOT NULL) ENGINE=InnoDB
  [1m[36m (1.9ms)[0m  [1mBEGIN[0m
  [1m[35mSQL (0.5ms)[0m  INSERT INTO `schema_migrations` (`version`) VALUES ('20150425101609')
  [1m[36m (0.4ms)[0m  [1mCOMMIT[0m
Migrating to CreatePropertyDetails (20150425102846)
  [1m[35m (22.4ms)[0m  CREATE TABLE `property_details` (`id` int(11) auto_increment PRIMARY KEY, `property_id` bigint NOT NULL, `name` varchar(255), `value` varchar(255), `comments` text, `created_at` datetime NOT NULL, `updated_at` datetime NOT NULL) ENGINE=InnoDB
  [1m[36m (0.3ms)[0m  [1mBEGIN[0m
  [1m[35mSQL (0.9ms)[0m  INSERT INTO `schema_migrations` (`version`) VALUES ('20150425102846')
  [1m[36m (0.7ms)[0m  [1mCOMMIT[0m
Migrating to CreatePropertyDetailHistories (20150425103019)
  [1m[35m (15.6ms)[0m  CREATE TABLE `property_detail_histories` (`id` int(11) auto_increment PRIMARY KEY, `property_detail_id` bigint NOT NULL, `from` varchar(20), `to` varchar(20) NOT NULL, `event` varchar(50), `user_id` varchar(20), `change_reason` varchar(50), `change_sub_reason` varchar(50), `created_at` datetime NOT NULL, `updated_at` datetime NOT NULL) ENGINE=InnoDB
  [1m[36m (0.4ms)[0m  [1mBEGIN[0m
  [1m[35mSQL (0.5ms)[0m  INSERT INTO `schema_migrations` (`version`) VALUES ('20150425103019')
  [1m[36m (0.5ms)[0m  [1mCOMMIT[0m
Migrating to CreatePropertyInfos (20150425103549)
  [1m[35m (18.8ms)[0m  CREATE TABLE `property_infos` (`id` int(11) auto_increment PRIMARY KEY, `property_id` bigint NOT NULL, `type` varchar(255), `name` varchar(255), `value` varchar(255), `source` varchar(255), `comments` text, `created_at` datetime NOT NULL, `updated_at` datetime NOT NULL) ENGINE=InnoDB
  [1m[36m (0.2ms)[0m  [1mBEGIN[0m
  [1m[35mSQL (0.3ms)[0m  INSERT INTO `schema_migrations` (`version`) VALUES ('20150425103549')
  [1m[36m (1.7ms)[0m  [1mCOMMIT[0m
  [1m[35mActiveRecord::SchemaMigration Load (0.5ms)[0m  SELECT `schema_migrations`.* FROM `schema_migrations`
  [1m[36m (0.5ms)[0m  [1mSELECT fk.referenced_table_name as 'to_table'
      ,fk.referenced_column_name as 'primary_key'
      ,fk.column_name as 'column'
      ,fk.constraint_name as 'name'
FROM information_schema.key_column_usage fk
WHERE fk.referenced_column_name is not null
  AND fk.table_schema = 'looknow_development'
  AND fk.table_name = 'properties'
[0m
  [1m[35m (0.3ms)[0m  SHOW CREATE TABLE `properties`
  [1m[36m (0.6ms)[0m  [1mSELECT fk.referenced_table_name as 'to_table'
      ,fk.referenced_column_name as 'primary_key'
      ,fk.column_name as 'column'
      ,fk.constraint_name as 'name'
FROM information_schema.key_column_usage fk
WHERE fk.referenced_column_name is not null
  AND fk.table_schema = 'looknow_development'
  AND fk.table_name = 'property_detail_histories'
[0m
  [1m[35m (1.3ms)[0m  SHOW CREATE TABLE `property_detail_histories`
  [1m[36m (0.8ms)[0m  [1mSELECT fk.referenced_table_name as 'to_table'
      ,fk.referenced_column_name as 'primary_key'
      ,fk.column_name as 'column'
      ,fk.constraint_name as 'name'
FROM information_schema.key_column_usage fk
WHERE fk.referenced_column_name is not null
  AND fk.table_schema = 'looknow_development'
  AND fk.table_name = 'property_details'
[0m
  [1m[35m (1.8ms)[0m  SHOW CREATE TABLE `property_details`
  [1m[36m (1.0ms)[0m  [1mSELECT fk.referenced_table_name as 'to_table'
      ,fk.referenced_column_name as 'primary_key'
      ,fk.column_name as 'column'
      ,fk.constraint_name as 'name'
FROM information_schema.key_column_usage fk
WHERE fk.referenced_column_name is not null
  AND fk.table_schema = 'looknow_development'
  AND fk.table_name = 'property_infos'
[0m
  [1m[35m (0.3ms)[0m  SHOW CREATE TABLE `property_infos`
  [1m[36m (0.4ms)[0m  [1mSELECT fk.referenced_table_name as 'to_table'
      ,fk.referenced_column_name as 'primary_key'
      ,fk.column_name as 'column'
      ,fk.constraint_name as 'name'
FROM information_schema.key_column_usage fk
WHERE fk.referenced_column_name is not null
  AND fk.table_schema = 'looknow_development'
  AND fk.table_name = 'users'
[0m
  [1m[35m (0.2ms)[0m  SHOW CREATE TABLE `users`
  [1m[36mActiveRecord::SchemaMigration Load (0.3ms)[0m  [1mSELECT `schema_migrations`.* FROM `schema_migrations`[0m
Migrating to ActsAsTaggableOnMigration (20150425105615)
  [1m[35m (45.0ms)[0m  CREATE TABLE `tags` (`id` int(11) auto_increment PRIMARY KEY, `name` varchar(255)) ENGINE=InnoDB
  [1m[36m (15.2ms)[0m  [1mCREATE TABLE `taggings` (`id` int(11) auto_increment PRIMARY KEY, `tag_id` int(11), `taggable_id` int(11), `taggable_type` varchar(255), `tagger_id` int(11), `tagger_type` varchar(255), `context` varchar(128), `created_at` datetime) ENGINE=InnoDB[0m
  [1m[35m (24.9ms)[0m  CREATE  INDEX `index_taggings_on_tag_id`  ON `taggings` (`tag_id`) 
  [1m[36m (17.3ms)[0m  [1mCREATE  INDEX `index_taggings_on_taggable_id_and_taggable_type_and_context`  ON `taggings` (`taggable_id`, `taggable_type`, `context`) [0m
  [1m[35m (0.1ms)[0m  BEGIN
  [1m[36mSQL (0.3ms)[0m  [1mINSERT INTO `schema_migrations` (`version`) VALUES ('20150425105615')[0m
  [1m[35m (0.3ms)[0m  COMMIT
Migrating to AddMissingUniqueIndices (20150425105616)
  [1m[36m (19.3ms)[0m  [1mCREATE UNIQUE INDEX `index_tags_on_name`  ON `tags` (`name`) [0m
  [1m[35m (12.7ms)[0m  DROP INDEX `index_taggings_on_tag_id` ON `taggings`
  [1m[36m (12.9ms)[0m  [1mDROP INDEX `index_taggings_on_taggable_id_and_taggable_type_and_context` ON `taggings`[0m
  [1m[35m (16.4ms)[0m  CREATE UNIQUE INDEX `taggings_idx`  ON `taggings` (`tag_id`, `taggable_id`, `taggable_type`, `context`, `tagger_id`, `tagger_type`) 
  [1m[36m (0.2ms)[0m  [1mBEGIN[0m
  [1m[35mSQL (0.7ms)[0m  INSERT INTO `schema_migrations` (`version`) VALUES ('20150425105616')
  [1m[36m (0.7ms)[0m  [1mCOMMIT[0m
Migrating to AddTaggingsCounterCacheToTags (20150425105617)
  [1m[35m (24.6ms)[0m  ALTER TABLE `tags` ADD `taggings_count` int(11) DEFAULT 0
  [1m[36mActsAsTaggableOn::Tag Load (0.4ms)[0m  [1mSELECT  `tags`.* FROM `tags`  ORDER BY `tags`.`id` ASC LIMIT 1000[0m
  [1m[35m (0.2ms)[0m  BEGIN
  [1m[36mSQL (0.2ms)[0m  [1mINSERT INTO `schema_migrations` (`version`) VALUES ('20150425105617')[0m
  [1m[35m (0.3ms)[0m  COMMIT
Migrating to AddMissingTaggableIndex (20150425105618)
  [1m[36m (19.5ms)[0m  [1mCREATE  INDEX `index_taggings_on_taggable_id_and_taggable_type_and_context`  ON `taggings` (`taggable_id`, `taggable_type`, `context`) [0m
  [1m[35m (0.5ms)[0m  BEGIN
  [1m[36mSQL (4.6ms)[0m  [1mINSERT INTO `schema_migrations` (`version`) VALUES ('20150425105618')[0m
  [1m[35m (2.0ms)[0m  COMMIT
Migrating to ChangeCollationForTagNames (20150425105619)
  [1m[36m (24.6ms)[0m  [1mALTER TABLE tags MODIFY name varchar(255) CHARACTER SET utf8 COLLATE utf8_bin;[0m
  [1m[35m (0.2ms)[0m  BEGIN
  [1m[36mSQL (0.3ms)[0m  [1mINSERT INTO `schema_migrations` (`version`) VALUES ('20150425105619')[0m
  [1m[35m (0.7ms)[0m  COMMIT
  [1m[36mActiveRecord::SchemaMigration Load (0.3ms)[0m  [1mSELECT `schema_migrations`.* FROM `schema_migrations`[0m
  [1m[35m (0.4ms)[0m  SELECT fk.referenced_table_name as 'to_table'
      ,fk.referenced_column_name as 'primary_key'
      ,fk.column_name as 'column'
      ,fk.constraint_name as 'name'
FROM information_schema.key_column_usage fk
WHERE fk.referenced_column_name is not null
  AND fk.table_schema = 'looknow_development'
  AND fk.table_name = 'properties'

  [1m[36m (0.3ms)[0m  [1mSHOW CREATE TABLE `properties`[0m
  [1m[35m (0.6ms)[0m  SELECT fk.referenced_table_name as 'to_table'
      ,fk.referenced_column_name as 'primary_key'
      ,fk.column_name as 'column'
      ,fk.constraint_name as 'name'
FROM information_schema.key_column_usage fk
WHERE fk.referenced_column_name is not null
  AND fk.table_schema = 'looknow_development'
  AND fk.table_name = 'property_detail_histories'

  [1m[36m (0.7ms)[0m  [1mSHOW CREATE TABLE `property_detail_histories`[0m
  [1m[35m (0.5ms)[0m  SELECT fk.referenced_table_name as 'to_table'
      ,fk.referenced_column_name as 'primary_key'
      ,fk.column_name as 'column'
      ,fk.constraint_name as 'name'
FROM information_schema.key_column_usage fk
WHERE fk.referenced_column_name is not null
  AND fk.table_schema = 'looknow_development'
  AND fk.table_name = 'property_details'

  [1m[36m (0.3ms)[0m  [1mSHOW CREATE TABLE `property_details`[0m
  [1m[35m (0.5ms)[0m  SELECT fk.referenced_table_name as 'to_table'
      ,fk.referenced_column_name as 'primary_key'
      ,fk.column_name as 'column'
      ,fk.constraint_name as 'name'
FROM information_schema.key_column_usage fk
WHERE fk.referenced_column_name is not null
  AND fk.table_schema = 'looknow_development'
  AND fk.table_name = 'property_infos'

  [1m[36m (0.3ms)[0m  [1mSHOW CREATE TABLE `property_infos`[0m
  [1m[35m (0.3ms)[0m  SELECT fk.referenced_table_name as 'to_table'
      ,fk.referenced_column_name as 'primary_key'
      ,fk.column_name as 'column'
      ,fk.constraint_name as 'name'
FROM information_schema.key_column_usage fk
WHERE fk.referenced_column_name is not null
  AND fk.table_schema = 'looknow_development'
  AND fk.table_name = 'taggings'

  [1m[36m (0.3ms)[0m  [1mSHOW CREATE TABLE `taggings`[0m
  [1m[35m (1.0ms)[0m  SELECT fk.referenced_table_name as 'to_table'
      ,fk.referenced_column_name as 'primary_key'
      ,fk.column_name as 'column'
      ,fk.constraint_name as 'name'
FROM information_schema.key_column_usage fk
WHERE fk.referenced_column_name is not null
  AND fk.table_schema = 'looknow_development'
  AND fk.table_name = 'tags'

  [1m[36m (0.3ms)[0m  [1mSHOW CREATE TABLE `tags`[0m
  [1m[35m (0.5ms)[0m  SELECT fk.referenced_table_name as 'to_table'
      ,fk.referenced_column_name as 'primary_key'
      ,fk.column_name as 'column'
      ,fk.constraint_name as 'name'
FROM information_schema.key_column_usage fk
WHERE fk.referenced_column_name is not null
  AND fk.table_schema = 'looknow_development'
  AND fk.table_name = 'users'

  [1m[36m (0.3ms)[0m  [1mSHOW CREATE TABLE `users`[0m
  [1m[36m (17.7ms)[0m  [1mALTER TABLE tags MODIFY name varchar(255) CHARACTER SET utf8 COLLATE utf8_bin;[0m
  [1m[36mUser Load (0.4ms)[0m  [1mSELECT  `users`.* FROM `users`  ORDER BY `users`.`id` ASC LIMIT 1[0m


Started GET "/" for ::1 at 2015-04-25 16:34:39 +0530
  [1m[36mActiveRecord::SchemaMigration Load (0.4ms)[0m  [1mSELECT `schema_migrations`.* FROM `schema_migrations`[0m
Processing by HomeController#index as HTML
  [1m[35mUser Load (0.4ms)[0m  SELECT  `users`.* FROM `users` WHERE `users`.`id` = 1  ORDER BY `users`.`id` ASC LIMIT 1
Completed 401 Unauthorized in 40ms


Started GET "/users/sign_in" for ::1 at 2015-04-25 16:34:39 +0530
Processing by SessionsController#new as HTML
  Rendered sessions/new.html.erb within layouts/application (90.8ms)
Completed 200 OK in 1064ms (Views: 1048.8ms | ActiveRecord: 0.0ms)


Started GET "/assets/property_infos.self-e3b0c44298fc1c149afbf4c8996fb92427ae41e4649b934ca495991b7852b855.css?body=1" for ::1 at 2015-04-25 16:34:40 +0530


Started GET "/assets/property_details.self-877aef30ae1b040ab8a3aba4e3e309a11d7f2612f44dde450b5c157aa5f95c05.js?body=1" for ::1 at 2015-04-25 16:34:40 +0530


Started GET "/assets/property_infos.self-877aef30ae1b040ab8a3aba4e3e309a11d7f2612f44dde450b5c157aa5f95c05.js?body=1" for ::1 at 2015-04-25 16:34:40 +0530


Started GET "/assets/property_details.self-e3b0c44298fc1c149afbf4c8996fb92427ae41e4649b934ca495991b7852b855.css?body=1" for ::1 at 2015-04-25 16:34:40 +0530


Started GET "/users/password/new" for ::1 at 2015-04-25 16:34:43 +0530
Processing by Devise::PasswordsController#new as HTML
  Rendered /Users/praveen.sah/.rvm/gems/ruby-2.1.2/gems/devise-3.4.1/app/views/devise/shared/_links.html.erb (12.6ms)
  Rendered /Users/praveen.sah/.rvm/gems/ruby-2.1.2/gems/devise-3.4.1/app/views/devise/passwords/new.html.erb within layouts/application (32.1ms)
Completed 200 OK in 128ms (Views: 125.8ms | ActiveRecord: 0.0ms)


Started GET "/users/sign_up" for ::1 at 2015-04-25 16:34:45 +0530
Processing by RegistrationController#new as HTML
  Rendered registration/new.html.erb within layouts/homepage (14.1ms)
Completed 200 OK in 209ms (Views: 207.1ms | ActiveRecord: 0.0ms)


Started POST "/users" for ::1 at 2015-04-25 16:34:58 +0530
Processing by RegistrationController#create as HTML
  Parameters: {"utf8"=>"✓", "authenticity_token"=>"ZiZNmd/t/MR07rqeOt9SwZGu5JbhHK8Ka+BtMUDlFmhrjZO/l6mWF3aU5OBa3rttf19p5sfbhvYVlhD9nyx7ZA==", "user"=>{"name"=>"Praveen Sah", "email"=>"thepraveen0207@gmail.com", "password"=>"[FILTERED]", "password_confirmation"=>"[FILTERED]"}}
  [1m[36m (0.2ms)[0m  [1mBEGIN[0m
  [1m[35mUser Exists (0.4ms)[0m  SELECT  1 AS one FROM `users` WHERE `users`.`email` = BINARY 'thepraveen0207@gmail.com' LIMIT 1
  [1m[36mSQL (0.7ms)[0m  [1mINSERT INTO `users` (`name`, `email`, `encrypted_password`, `created_at`, `updated_at`) VALUES ('Praveen Sah', 'thepraveen0207@gmail.com', '$2a$10$acly3bKZ1oqZFbOaMMQWLeenDfKIjE3Ozo2MwNPHq7YuD0w9CznQu', '2015-04-25 11:04:58.688202', '2015-04-25 11:04:58.688202')[0m
  [1m[35m (0.8ms)[0m  COMMIT
  [1m[36m (0.3ms)[0m  [1mBEGIN[0m
  [1m[35mSQL (0.8ms)[0m  UPDATE `users` SET `last_sign_in_at` = '2015-04-25 11:04:58.692374', `current_sign_in_at` = '2015-04-25 11:04:58.692374', `last_sign_in_ip` = '::1', `current_sign_in_ip` = '::1', `sign_in_count` = 1, `updated_at` = '2015-04-25 11:04:58.694488' WHERE `users`.`id` = 1
  [1m[36m (1.1ms)[0m  [1mCOMMIT[0m
Redirected to http://localhost:3000/
Completed 302 Found in 143ms (ActiveRecord: 4.4ms)


Started GET "/" for ::1 at 2015-04-25 16:34:58 +0530
Processing by HomeController#index as HTML
  [1m[35mUser Load (0.4ms)[0m  SELECT  `users`.* FROM `users` WHERE `users`.`id` = 1  ORDER BY `users`.`id` ASC LIMIT 1
  Rendered home/index.html.erb within layouts/application (0.4ms)
Completed 200 OK in 101ms (Views: 97.9ms | ActiveRecord: 0.4ms)
  [1m[35mUser Load (0.4ms)[0m  SELECT `users`.* FROM `users`
  [1m[36mUser Load (0.6ms)[0m  [1mSELECT  `users`.* FROM `users`  ORDER BY `users`.`id` ASC LIMIT 1[0m
  [1m[35mProperty Load (0.3ms)[0m  SELECT `properties`.* FROM `properties`
  [1m[36m (14.0ms)[0m  [1mCREATE TABLE `schema_migrations` (`version` varchar(255) NOT NULL) ENGINE=InnoDB[0m
  [1m[35m (29.1ms)[0m  CREATE UNIQUE INDEX `unique_schema_migrations`  ON `schema_migrations` (`version`) 
  [1m[36mActiveRecord::SchemaMigration Load (0.3ms)[0m  [1mSELECT `schema_migrations`.* FROM `schema_migrations`[0m
Migrating to DeviseCreateUsers (20150425083704)
DEPRECATION WARNING: `#timestamp` was called without specifying an option for `null`. In Rails 5, this behavior will change to `null: false`. You should manually specify `null: true` to prevent the behavior of your existing migrations from changing. (called from emit_warning_if_null_unspecified at /Users/praveen.sah/.rvm/gems/ruby-2.1.2@global/gems/activerecord-4.2.0/lib/active_record/connection_adapters/abstract/schema_definitions.rb:63)
  [1m[35m (16.9ms)[0m  CREATE TABLE `users` (`id` int(11) auto_increment PRIMARY KEY, `email` varchar(255) DEFAULT '' NOT NULL, `encrypted_password` varchar(255) DEFAULT '' NOT NULL, `reset_password_token` varchar(255), `reset_password_sent_at` datetime, `remember_created_at` datetime, `sign_in_count` int(11) DEFAULT 0 NOT NULL, `current_sign_in_at` datetime, `last_sign_in_at` datetime, `current_sign_in_ip` varchar(255), `last_sign_in_ip` varchar(255), `created_at` datetime, `updated_at` datetime) ENGINE=InnoDB
  [1m[36m (20.7ms)[0m  [1mCREATE UNIQUE INDEX `index_users_on_email`  ON `users` (`email`) [0m
  [1m[35m (15.9ms)[0m  CREATE UNIQUE INDEX `index_users_on_reset_password_token`  ON `users` (`reset_password_token`) 
  [1m[36m (0.2ms)[0m  [1mBEGIN[0m
  [1m[35mSQL (1.0ms)[0m  INSERT INTO `schema_migrations` (`version`) VALUES ('20150425083704')
  [1m[36m (0.5ms)[0m  [1mCOMMIT[0m
Migrating to AddNameToUser (20150425090541)
  [1m[35m (29.4ms)[0m  ALTER TABLE `users` ADD `name` varchar(255)
  [1m[36m (0.2ms)[0m  [1mBEGIN[0m
  [1m[35mSQL (0.3ms)[0m  INSERT INTO `schema_migrations` (`version`) VALUES ('20150425090541')
  [1m[36m (0.8ms)[0m  [1mCOMMIT[0m
Migrating to CreateProperties (20150425101609)
  [1m[36m (18.0ms)[0m  [1mCREATE TABLE `schema_migrations` (`version` varchar(255) NOT NULL) ENGINE=InnoDB[0m
  [1m[35m (24.9ms)[0m  CREATE UNIQUE INDEX `unique_schema_migrations`  ON `schema_migrations` (`version`) 
  [1m[36mActiveRecord::SchemaMigration Load (1.2ms)[0m  [1mSELECT `schema_migrations`.* FROM `schema_migrations`[0m
Migrating to DeviseCreateUsers (20150425083704)
DEPRECATION WARNING: `#timestamp` was called without specifying an option for `null`. In Rails 5, this behavior will change to `null: false`. You should manually specify `null: true` to prevent the behavior of your existing migrations from changing. (called from emit_warning_if_null_unspecified at /Users/praveen.sah/.rvm/gems/ruby-2.1.2@global/gems/activerecord-4.2.0/lib/active_record/connection_adapters/abstract/schema_definitions.rb:63)
  [1m[35m (13.1ms)[0m  CREATE TABLE `users` (`id` int(11) auto_increment PRIMARY KEY, `email` varchar(255) DEFAULT '' NOT NULL, `encrypted_password` varchar(255) DEFAULT '' NOT NULL, `reset_password_token` varchar(255), `reset_password_sent_at` datetime, `remember_created_at` datetime, `sign_in_count` int(11) DEFAULT 0 NOT NULL, `current_sign_in_at` datetime, `last_sign_in_at` datetime, `current_sign_in_ip` varchar(255), `last_sign_in_ip` varchar(255), `created_at` datetime, `updated_at` datetime) ENGINE=InnoDB
  [1m[36m (18.5ms)[0m  [1mCREATE UNIQUE INDEX `index_users_on_email`  ON `users` (`email`) [0m
  [1m[35m (12.1ms)[0m  CREATE UNIQUE INDEX `index_users_on_reset_password_token`  ON `users` (`reset_password_token`) 
  [1m[36m (0.2ms)[0m  [1mBEGIN[0m
  [1m[35mSQL (0.5ms)[0m  INSERT INTO `schema_migrations` (`version`) VALUES ('20150425083704')
  [1m[36m (0.4ms)[0m  [1mCOMMIT[0m
Migrating to AddNameToUser (20150425090541)
  [1m[35m (20.4ms)[0m  ALTER TABLE `users` ADD `name` varchar(255)
  [1m[36m (0.2ms)[0m  [1mBEGIN[0m
  [1m[35mSQL (0.6ms)[0m  INSERT INTO `schema_migrations` (`version`) VALUES ('20150425090541')
  [1m[36m (0.6ms)[0m  [1mCOMMIT[0m
Migrating to CreateProperties (20150425101609)
  [1m[35m (16.0ms)[0m  CREATE TABLE `properties` (`id` int(11) auto_increment PRIMARY KEY, `status` varchar(255), `user_id` bigint NOT NULL, `latitude` float, `longitude` float, `boundary` text, `type` varchar(255), `sub_type` varchar(255), `landmark` varchar(255), `created_at` datetime NOT NULL, `updated_at` datetime NOT NULL) ENGINE=InnoDB
  [1m[36m (1.0ms)[0m  [1mBEGIN[0m
  [1m[35mSQL (0.3ms)[0m  INSERT INTO `schema_migrations` (`version`) VALUES ('20150425101609')
  [1m[36m (0.3ms)[0m  [1mCOMMIT[0m
Migrating to CreatePropertyDetails (20150425102846)
  [1m[35m (14.8ms)[0m  CREATE TABLE `property_details` (`id` int(11) auto_increment PRIMARY KEY, `property_id` bigint NOT NULL, `name` varchar(255), `value` varchar(255), `comments` text, `created_at` datetime NOT NULL, `updated_at` datetime NOT NULL) ENGINE=InnoDB
  [1m[36m (0.1ms)[0m  [1mBEGIN[0m
  [1m[35mSQL (0.2ms)[0m  INSERT INTO `schema_migrations` (`version`) VALUES ('20150425102846')
  [1m[36m (0.8ms)[0m  [1mCOMMIT[0m
Migrating to CreatePropertyDetailHistories (20150425103019)
  [1m[35m (14.9ms)[0m  CREATE TABLE `property_detail_histories` (`id` int(11) auto_increment PRIMARY KEY, `property_detail_id` bigint NOT NULL, `from` varchar(20), `to` varchar(20) NOT NULL, `event` varchar(50), `user_id` varchar(20), `change_reason` varchar(50), `change_sub_reason` varchar(50), `created_at` datetime NOT NULL, `updated_at` datetime NOT NULL) ENGINE=InnoDB
  [1m[36m (0.2ms)[0m  [1mBEGIN[0m
  [1m[35mSQL (1.0ms)[0m  INSERT INTO `schema_migrations` (`version`) VALUES ('20150425103019')
  [1m[36m (0.7ms)[0m  [1mCOMMIT[0m
Migrating to CreatePropertyInfos (20150425103549)
  [1m[35m (14.5ms)[0m  CREATE TABLE `property_infos` (`id` int(11) auto_increment PRIMARY KEY, `property_id` bigint NOT NULL, `type` varchar(255), `name` varchar(255), `value` varchar(255), `source` varchar(255), `comments` text, `created_at` datetime NOT NULL, `updated_at` datetime NOT NULL) ENGINE=InnoDB
  [1m[36m (0.2ms)[0m  [1mBEGIN[0m
  [1m[35mSQL (0.2ms)[0m  INSERT INTO `schema_migrations` (`version`) VALUES ('20150425103549')
  [1m[36m (0.4ms)[0m  [1mCOMMIT[0m
Migrating to ActsAsTaggableOnMigration (20150425105615)
  [1m[35m (14.5ms)[0m  CREATE TABLE `tags` (`id` int(11) auto_increment PRIMARY KEY, `name` varchar(255)) ENGINE=InnoDB
  [1m[36m (11.9ms)[0m  [1mCREATE TABLE `taggings` (`id` int(11) auto_increment PRIMARY KEY, `tag_id` int(11), `taggable_id` int(11), `taggable_type` varchar(255), `tagger_id` int(11), `tagger_type` varchar(255), `context` varchar(128), `created_at` datetime) ENGINE=InnoDB[0m
  [1m[35m (12.0ms)[0m  CREATE  INDEX `index_taggings_on_tag_id`  ON `taggings` (`tag_id`) 
  [1m[36m (18.3ms)[0m  [1mCREATE  INDEX `index_taggings_on_taggable_id_and_taggable_type_and_context`  ON `taggings` (`taggable_id`, `taggable_type`, `context`) [0m
  [1m[35m (0.2ms)[0m  BEGIN
  [1m[36mSQL (0.4ms)[0m  [1mINSERT INTO `schema_migrations` (`version`) VALUES ('20150425105615')[0m
  [1m[35m (0.4ms)[0m  COMMIT
Migrating to AddMissingUniqueIndices (20150425105616)
  [1m[36m (15.1ms)[0m  [1mCREATE UNIQUE INDEX `index_tags_on_name`  ON `tags` (`name`) [0m
  [1m[35m (14.4ms)[0m  DROP INDEX `index_taggings_on_tag_id` ON `taggings`
  [1m[36m (11.7ms)[0m  [1mDROP INDEX `index_taggings_on_taggable_id_and_taggable_type_and_context` ON `taggings`[0m
  [1m[35m (11.7ms)[0m  CREATE UNIQUE INDEX `taggings_idx`  ON `taggings` (`tag_id`, `taggable_id`, `taggable_type`, `context`, `tagger_id`, `tagger_type`) 
  [1m[36m (0.2ms)[0m  [1mBEGIN[0m
  [1m[35mSQL (0.4ms)[0m  INSERT INTO `schema_migrations` (`version`) VALUES ('20150425105616')
  [1m[36m (0.5ms)[0m  [1mCOMMIT[0m
Migrating to AddTaggingsCounterCacheToTags (20150425105617)
  [1m[35m (18.8ms)[0m  ALTER TABLE `tags` ADD `taggings_count` int(11) DEFAULT 0
  [1m[36mActsAsTaggableOn::Tag Load (0.4ms)[0m  [1mSELECT  `tags`.* FROM `tags`  ORDER BY `tags`.`id` ASC LIMIT 1000[0m
  [1m[35m (0.9ms)[0m  BEGIN
  [1m[36mSQL (0.3ms)[0m  [1mINSERT INTO `schema_migrations` (`version`) VALUES ('20150425105617')[0m
  [1m[35m (0.8ms)[0m  COMMIT
Migrating to AddMissingTaggableIndex (20150425105618)
  [1m[36m (13.1ms)[0m  [1mCREATE  INDEX `index_taggings_on_taggable_id_and_taggable_type_and_context`  ON `taggings` (`taggable_id`, `taggable_type`, `context`) [0m
  [1m[35m (0.3ms)[0m  BEGIN
  [1m[36mSQL (0.3ms)[0m  [1mINSERT INTO `schema_migrations` (`version`) VALUES ('20150425105618')[0m
  [1m[35m (0.4ms)[0m  COMMIT
Migrating to ChangeCollationForTagNames (20150425105619)
  [1m[36m (21.2ms)[0m  [1mALTER TABLE tags MODIFY name varchar(255) CHARACTER SET utf8 COLLATE utf8_bin;[0m
  [1m[35m (0.2ms)[0m  BEGIN
  [1m[36mSQL (0.2ms)[0m  [1mINSERT INTO `schema_migrations` (`version`) VALUES ('20150425105619')[0m
  [1m[35m (0.5ms)[0m  COMMIT
Migrating to CreateAttributeHistories (20150425110800)
  [1m[36m (21.4ms)[0m  [1mCREATE TABLE `attribute_histories` (`id` int(11) auto_increment PRIMARY KEY, `entity` varchar(50) NOT NULL, `entity_id` bigint NOT NULL, `attribute_name` varchar(100) NOT NULL, `from_value` varchar(1024), `to_value` varchar(1024), `user_id` varchar(100), `reason` varchar(100), `comments` varchar(255), `created_at` datetime NOT NULL, `updated_at` datetime NOT NULL) ENGINE=InnoDB[0m
  [1m[35m (16.9ms)[0m  CREATE  INDEX `index_attribute_histories_on_entity_id`  ON `attribute_histories` (`entity_id`) 
  [1m[36m (17.0ms)[0m  [1mCREATE  INDEX `index_attribute_histories_on_created_at`  ON `attribute_histories` (`created_at`) [0m
  [1m[35m (0.2ms)[0m  BEGIN
  [1m[36mSQL (0.3ms)[0m  [1mINSERT INTO `schema_migrations` (`version`) VALUES ('20150425110800')[0m
  [1m[35m (0.4ms)[0m  COMMIT
  [1m[36mActiveRecord::SchemaMigration Load (0.3ms)[0m  [1mSELECT `schema_migrations`.* FROM `schema_migrations`[0m
  [1m[35m (0.5ms)[0m  SELECT fk.referenced_table_name as 'to_table'
      ,fk.referenced_column_name as 'primary_key'
      ,fk.column_name as 'column'
      ,fk.constraint_name as 'name'
FROM information_schema.key_column_usage fk
WHERE fk.referenced_column_name is not null
  AND fk.table_schema = 'looknow_development'
  AND fk.table_name = 'attribute_histories'

  [1m[36m (0.3ms)[0m  [1mSHOW CREATE TABLE `attribute_histories`[0m
  [1m[35m (0.6ms)[0m  SELECT fk.referenced_table_name as 'to_table'
      ,fk.referenced_column_name as 'primary_key'
      ,fk.column_name as 'column'
      ,fk.constraint_name as 'name'
FROM information_schema.key_column_usage fk
WHERE fk.referenced_column_name is not null
  AND fk.table_schema = 'looknow_development'
  AND fk.table_name = 'properties'

  [1m[36m (0.2ms)[0m  [1mSHOW CREATE TABLE `properties`[0m
  [1m[35m (0.3ms)[0m  SELECT fk.referenced_table_name as 'to_table'
      ,fk.referenced_column_name as 'primary_key'
      ,fk.column_name as 'column'
      ,fk.constraint_name as 'name'
FROM information_schema.key_column_usage fk
WHERE fk.referenced_column_name is not null
  AND fk.table_schema = 'looknow_development'
  AND fk.table_name = 'property_detail_histories'

  [1m[36m (0.2ms)[0m  [1mSHOW CREATE TABLE `property_detail_histories`[0m
  [1m[35m (0.3ms)[0m  SELECT fk.referenced_table_name as 'to_table'
      ,fk.referenced_column_name as 'primary_key'
      ,fk.column_name as 'column'
      ,fk.constraint_name as 'name'
FROM information_schema.key_column_usage fk
WHERE fk.referenced_column_name is not null
  AND fk.table_schema = 'looknow_development'
  AND fk.table_name = 'property_details'

  [1m[36m (0.2ms)[0m  [1mSHOW CREATE TABLE `property_details`[0m
  [1m[35m (0.3ms)[0m  SELECT fk.referenced_table_name as 'to_table'
      ,fk.referenced_column_name as 'primary_key'
      ,fk.column_name as 'column'
      ,fk.constraint_name as 'name'
FROM information_schema.key_column_usage fk
WHERE fk.referenced_column_name is not null
  AND fk.table_schema = 'looknow_development'
  AND fk.table_name = 'property_infos'

  [1m[36m (0.2ms)[0m  [1mSHOW CREATE TABLE `property_infos`[0m
  [1m[35m (0.2ms)[0m  SELECT fk.referenced_table_name as 'to_table'
      ,fk.referenced_column_name as 'primary_key'
      ,fk.column_name as 'column'
      ,fk.constraint_name as 'name'
FROM information_schema.key_column_usage fk
WHERE fk.referenced_column_name is not null
  AND fk.table_schema = 'looknow_development'
  AND fk.table_name = 'taggings'

  [1m[36m (0.2ms)[0m  [1mSHOW CREATE TABLE `taggings`[0m
  [1m[35m (0.2ms)[0m  SELECT fk.referenced_table_name as 'to_table'
      ,fk.referenced_column_name as 'primary_key'
      ,fk.column_name as 'column'
      ,fk.constraint_name as 'name'
FROM information_schema.key_column_usage fk
WHERE fk.referenced_column_name is not null
  AND fk.table_schema = 'looknow_development'
  AND fk.table_name = 'tags'

  [1m[36m (0.2ms)[0m  [1mSHOW CREATE TABLE `tags`[0m
  [1m[35m (0.3ms)[0m  SELECT fk.referenced_table_name as 'to_table'
      ,fk.referenced_column_name as 'primary_key'
      ,fk.column_name as 'column'
      ,fk.constraint_name as 'name'
FROM information_schema.key_column_usage fk
WHERE fk.referenced_column_name is not null
  AND fk.table_schema = 'looknow_development'
  AND fk.table_name = 'users'

  [1m[36m (0.2ms)[0m  [1mSHOW CREATE TABLE `users`[0m
  [1m[36mProperty Load (0.6ms)[0m  [1mSELECT `properties`.* FROM `properties`[0m


Started GET "/" for ::1 at 2015-04-25 16:44:18 +0530
  [1m[36mActiveRecord::SchemaMigration Load (0.3ms)[0m  [1mSELECT `schema_migrations`.* FROM `schema_migrations`[0m
Processing by HomeController#index as HTML
  [1m[35mUser Load (0.4ms)[0m  SELECT  `users`.* FROM `users` WHERE `users`.`id` = 1  ORDER BY `users`.`id` ASC LIMIT 1
Completed 401 Unauthorized in 41ms


Started GET "/users/sign_in" for ::1 at 2015-04-25 16:44:18 +0530
Processing by SessionsController#new as HTML
  Rendered sessions/new.html.erb within layouts/application (88.6ms)
Completed 200 OK in 475ms (Views: 459.4ms | ActiveRecord: 0.0ms)


Started GET "/users/password/new" for ::1 at 2015-04-25 16:44:20 +0530
Processing by Devise::PasswordsController#new as HTML
  Rendered /Users/praveen.sah/.rvm/gems/ruby-2.1.2/gems/devise-3.4.1/app/views/devise/shared/_links.html.erb (14.4ms)
  Rendered /Users/praveen.sah/.rvm/gems/ruby-2.1.2/gems/devise-3.4.1/app/views/devise/passwords/new.html.erb within layouts/application (33.0ms)
Completed 200 OK in 123ms (Views: 121.1ms | ActiveRecord: 0.0ms)


Started GET "/users/sign_up" for ::1 at 2015-04-25 16:44:22 +0530
Processing by RegistrationController#new as HTML
  Rendered registration/new.html.erb within layouts/homepage (12.2ms)
Completed 200 OK in 114ms (Views: 111.7ms | ActiveRecord: 0.0ms)


Started POST "/users" for ::1 at 2015-04-25 16:44:38 +0530
Processing by RegistrationController#create as HTML
  Parameters: {"utf8"=>"✓", "authenticity_token"=>"UElTbX7GwP9Lk0zRN/JUTPV0FNw6TZ9l4aN9NNQGptRd4o1LNoKqLEnpEq9X873gG4WZrByKtpmf1QD4C8/L2A==", "user"=>{"name"=>"Praveen Sah", "email"=>"thepraveen0207@gmail.com", "password"=>"[FILTERED]", "password_confirmation"=>"[FILTERED]"}}
  [1m[36m (0.2ms)[0m  [1mBEGIN[0m
  [1m[35mUser Exists (0.4ms)[0m  SELECT  1 AS one FROM `users` WHERE `users`.`email` = BINARY 'thepraveen0207@gmail.com' LIMIT 1
  [1m[36mSQL (0.4ms)[0m  [1mINSERT INTO `users` (`name`, `email`, `encrypted_password`, `created_at`, `updated_at`) VALUES ('Praveen Sah', 'thepraveen0207@gmail.com', '$2a$10$sIkISREUktaRJMD8IB3TOu7/MN8Fj2oWsd3ILQMUj6z1eMJcJK3IK', '2015-04-25 11:14:38.696378', '2015-04-25 11:14:38.696378')[0m
  [1m[35m (0.3ms)[0m  COMMIT
  [1m[36m (0.2ms)[0m  [1mBEGIN[0m
  [1m[35mSQL (0.5ms)[0m  UPDATE `users` SET `last_sign_in_at` = '2015-04-25 11:14:38.699526', `current_sign_in_at` = '2015-04-25 11:14:38.699526', `last_sign_in_ip` = '::1', `current_sign_in_ip` = '::1', `sign_in_count` = 1, `updated_at` = '2015-04-25 11:14:38.700647' WHERE `users`.`id` = 1
  [1m[36m (0.4ms)[0m  [1mCOMMIT[0m
Redirected to http://localhost:3000/
Completed 302 Found in 139ms (ActiveRecord: 2.3ms)


Started GET "/" for ::1 at 2015-04-25 16:44:38 +0530
Processing by HomeController#index as HTML
  [1m[35mUser Load (1.3ms)[0m  SELECT  `users`.* FROM `users` WHERE `users`.`id` = 1  ORDER BY `users`.`id` ASC LIMIT 1
  Rendered home/index.html.erb within layouts/application (0.5ms)
Completed 200 OK in 101ms (Views: 96.1ms | ActiveRecord: 1.3ms)
  [1m[35m (0.2ms)[0m  BEGIN
  [1m[36mSQL (0.5ms)[0m  [1mINSERT INTO `properties` (`user_id`, `created_at`, `updated_at`) VALUES (1, '2015-04-25 11:14:50.680178', '2015-04-25 11:14:50.680178')[0m
  [1m[35m (1.7ms)[0m  COMMIT
  [1m[36mProperty Load (0.4ms)[0m  [1mSELECT  `properties`.* FROM `properties`  ORDER BY `properties`.`id` ASC LIMIT 1[0m
  [1m[35mProperty Load (0.4ms)[0m  SELECT  `properties`.* FROM `properties`  ORDER BY `properties`.`id` ASC LIMIT 1
  [1m[36m (32.8ms)[0m  [1mCREATE TABLE `schema_migrations` (`version` varchar(255) NOT NULL) ENGINE=InnoDB[0m
  [1m[35m (32.4ms)[0m  CREATE UNIQUE INDEX `unique_schema_migrations`  ON `schema_migrations` (`version`) 
  [1m[36mActiveRecord::SchemaMigration Load (0.3ms)[0m  [1mSELECT `schema_migrations`.* FROM `schema_migrations`[0m
Migrating to DeviseCreateUsers (20150425083704)
DEPRECATION WARNING: `#timestamp` was called without specifying an option for `null`. In Rails 5, this behavior will change to `null: false`. You should manually specify `null: true` to prevent the behavior of your existing migrations from changing. (called from emit_warning_if_null_unspecified at /Users/praveen.sah/.rvm/gems/ruby-2.1.2@global/gems/activerecord-4.2.0/lib/active_record/connection_adapters/abstract/schema_definitions.rb:63)
  [1m[35m (21.0ms)[0m  CREATE TABLE `users` (`id` int(11) auto_increment PRIMARY KEY, `email` varchar(255) DEFAULT '' NOT NULL, `encrypted_password` varchar(255) DEFAULT '' NOT NULL, `reset_password_token` varchar(255), `reset_password_sent_at` datetime, `remember_created_at` datetime, `sign_in_count` int(11) DEFAULT 0 NOT NULL, `current_sign_in_at` datetime, `last_sign_in_at` datetime, `current_sign_in_ip` varchar(255), `last_sign_in_ip` varchar(255), `created_at` datetime, `updated_at` datetime) ENGINE=InnoDB
  [1m[36m (19.0ms)[0m  [1mCREATE UNIQUE INDEX `index_users_on_email`  ON `users` (`email`) [0m
  [1m[35m (27.3ms)[0m  CREATE UNIQUE INDEX `index_users_on_reset_password_token`  ON `users` (`reset_password_token`) 
  [1m[36m (0.4ms)[0m  [1mBEGIN[0m
  [1m[35mSQL (7.8ms)[0m  INSERT INTO `schema_migrations` (`version`) VALUES ('20150425083704')
  [1m[36m (3.0ms)[0m  [1mCOMMIT[0m
Migrating to AddNameToUser (20150425090541)
  [1m[35m (38.7ms)[0m  ALTER TABLE `users` ADD `name` varchar(255)
  [1m[36m (0.2ms)[0m  [1mBEGIN[0m
  [1m[35mSQL (0.3ms)[0m  INSERT INTO `schema_migrations` (`version`) VALUES ('20150425090541')
  [1m[36m (1.4ms)[0m  [1mCOMMIT[0m
Migrating to CreateProperties (20150425101609)
  [1m[35m (17.7ms)[0m  CREATE TABLE `properties` (`id` int(11) auto_increment PRIMARY KEY, `status` varchar(255), `user_id` bigint NOT NULL, `latitude` float, `longitude` float, `boundary` text, `typee` varchar(255), `sub_type` varchar(255), `landmark` varchar(255), `created_at` datetime NOT NULL, `updated_at` datetime NOT NULL) ENGINE=InnoDB
  [1m[36m (4.4ms)[0m  [1mBEGIN[0m
  [1m[35mSQL (2.8ms)[0m  INSERT INTO `schema_migrations` (`version`) VALUES ('20150425101609')
  [1m[36m (1.3ms)[0m  [1mCOMMIT[0m
Migrating to CreatePropertyDetails (20150425102846)
  [1m[35m (20.6ms)[0m  CREATE TABLE `property_details` (`id` int(11) auto_increment PRIMARY KEY, `property_id` bigint NOT NULL, `name` varchar(255), `value` varchar(255), `comments` text, `created_at` datetime NOT NULL, `updated_at` datetime NOT NULL) ENGINE=InnoDB
  [1m[36m (0.3ms)[0m  [1mBEGIN[0m
  [1m[35mSQL (0.3ms)[0m  INSERT INTO `schema_migrations` (`version`) VALUES ('20150425102846')
  [1m[36m (0.4ms)[0m  [1mCOMMIT[0m
Migrating to CreatePropertyDetailHistories (20150425103019)
  [1m[35m (25.6ms)[0m  CREATE TABLE `property_detail_histories` (`id` int(11) auto_increment PRIMARY KEY, `property_detail_id` bigint NOT NULL, `from` varchar(20), `to` varchar(20) NOT NULL, `event` varchar(50), `user_id` varchar(20), `change_reason` varchar(50), `change_sub_reason` varchar(50), `created_at` datetime NOT NULL, `updated_at` datetime NOT NULL) ENGINE=InnoDB
  [1m[36m (0.2ms)[0m  [1mBEGIN[0m
  [1m[35mSQL (0.3ms)[0m  INSERT INTO `schema_migrations` (`version`) VALUES ('20150425103019')
  [1m[36m (0.3ms)[0m  [1mCOMMIT[0m
Migrating to CreatePropertyInfos (20150425103549)
  [1m[35m (24.9ms)[0m  CREATE TABLE `property_infos` (`id` int(11) auto_increment PRIMARY KEY, `property_id` bigint NOT NULL, `type` varchar(255), `name` varchar(255), `value` varchar(255), `source` varchar(255), `comments` text, `created_at` datetime NOT NULL, `updated_at` datetime NOT NULL) ENGINE=InnoDB
  [1m[36m (0.2ms)[0m  [1mBEGIN[0m
  [1m[35mSQL (0.7ms)[0m  INSERT INTO `schema_migrations` (`version`) VALUES ('20150425103549')
  [1m[36m (0.5ms)[0m  [1mCOMMIT[0m
Migrating to ActsAsTaggableOnMigration (20150425105615)
  [1m[35m (15.9ms)[0m  CREATE TABLE `tags` (`id` int(11) auto_increment PRIMARY KEY, `name` varchar(255)) ENGINE=InnoDB
  [1m[36m (17.1ms)[0m  [1mCREATE TABLE `taggings` (`id` int(11) auto_increment PRIMARY KEY, `tag_id` int(11), `taggable_id` int(11), `taggable_type` varchar(255), `tagger_id` int(11), `tagger_type` varchar(255), `context` varchar(128), `created_at` datetime) ENGINE=InnoDB[0m
  [1m[35m (19.2ms)[0m  CREATE  INDEX `index_taggings_on_tag_id`  ON `taggings` (`tag_id`) 
  [1m[36m (21.3ms)[0m  [1mCREATE  INDEX `index_taggings_on_taggable_id_and_taggable_type_and_context`  ON `taggings` (`taggable_id`, `taggable_type`, `context`) [0m
  [1m[35m (0.3ms)[0m  BEGIN
  [1m[36mSQL (7.1ms)[0m  [1mINSERT INTO `schema_migrations` (`version`) VALUES ('20150425105615')[0m
  [1m[35m (0.5ms)[0m  COMMIT
Migrating to AddMissingUniqueIndices (20150425105616)
  [1m[36m (18.7ms)[0m  [1mCREATE UNIQUE INDEX `index_tags_on_name`  ON `tags` (`name`) [0m
  [1m[35m (16.8ms)[0m  DROP INDEX `index_taggings_on_tag_id` ON `taggings`
  [1m[36m (13.2ms)[0m  [1mDROP INDEX `index_taggings_on_taggable_id_and_taggable_type_and_context` ON `taggings`[0m
  [1m[35m (18.1ms)[0m  CREATE UNIQUE INDEX `taggings_idx`  ON `taggings` (`tag_id`, `taggable_id`, `taggable_type`, `context`, `tagger_id`, `tagger_type`) 
  [1m[36m (0.7ms)[0m  [1mBEGIN[0m
  [1m[35mSQL (1.0ms)[0m  INSERT INTO `schema_migrations` (`version`) VALUES ('20150425105616')
  [1m[36m (2.8ms)[0m  [1mCOMMIT[0m
Migrating to AddTaggingsCounterCacheToTags (20150425105617)
  [1m[35m (29.2ms)[0m  ALTER TABLE `tags` ADD `taggings_count` int(11) DEFAULT 0
  [1m[36mActsAsTaggableOn::Tag Load (1.2ms)[0m  [1mSELECT  `tags`.* FROM `tags`  ORDER BY `tags`.`id` ASC LIMIT 1000[0m
  [1m[35m (2.4ms)[0m  BEGIN
  [1m[36mSQL (5.4ms)[0m  [1mINSERT INTO `schema_migrations` (`version`) VALUES ('20150425105617')[0m
  [1m[35m (7.2ms)[0m  COMMIT
Migrating to AddMissingTaggableIndex (20150425105618)
  [1m[36m (27.1ms)[0m  [1mCREATE  INDEX `index_taggings_on_taggable_id_and_taggable_type_and_context`  ON `taggings` (`taggable_id`, `taggable_type`, `context`) [0m
  [1m[35m (1.5ms)[0m  BEGIN
  [1m[36mSQL (1.2ms)[0m  [1mINSERT INTO `schema_migrations` (`version`) VALUES ('20150425105618')[0m
  [1m[35m (0.6ms)[0m  COMMIT
Migrating to ChangeCollationForTagNames (20150425105619)
  [1m[36m (41.0ms)[0m  [1mALTER TABLE tags MODIFY name varchar(255) CHARACTER SET utf8 COLLATE utf8_bin;[0m
  [1m[35m (0.2ms)[0m  BEGIN
  [1m[36mSQL (0.7ms)[0m  [1mINSERT INTO `schema_migrations` (`version`) VALUES ('20150425105619')[0m
  [1m[35m (0.6ms)[0m  COMMIT
Migrating to CreateAttributeHistories (20150425110800)
  [1m[36m (15.0ms)[0m  [1mCREATE TABLE `attribute_histories` (`id` int(11) auto_increment PRIMARY KEY, `entity` varchar(50) NOT NULL, `entity_id` bigint NOT NULL, `attribute_name` varchar(100) NOT NULL, `from_value` varchar(1024), `to_value` varchar(1024), `user_id` varchar(100), `reason` varchar(100), `comments` varchar(255), `created_at` datetime NOT NULL, `updated_at` datetime NOT NULL) ENGINE=InnoDB[0m
  [1m[35m (19.7ms)[0m  CREATE  INDEX `index_attribute_histories_on_entity_id`  ON `attribute_histories` (`entity_id`) 
  [1m[36m (21.4ms)[0m  [1mCREATE  INDEX `index_attribute_histories_on_created_at`  ON `attribute_histories` (`created_at`) [0m
  [1m[35m (0.9ms)[0m  BEGIN
  [1m[36mSQL (1.1ms)[0m  [1mINSERT INTO `schema_migrations` (`version`) VALUES ('20150425110800')[0m
  [1m[35m (0.4ms)[0m  COMMIT
  [1m[36mActiveRecord::SchemaMigration Load (0.3ms)[0m  [1mSELECT `schema_migrations`.* FROM `schema_migrations`[0m
  [1m[35m (0.3ms)[0m  SELECT fk.referenced_table_name as 'to_table'
      ,fk.referenced_column_name as 'primary_key'
      ,fk.column_name as 'column'
      ,fk.constraint_name as 'name'
FROM information_schema.key_column_usage fk
WHERE fk.referenced_column_name is not null
  AND fk.table_schema = 'looknow_development'
  AND fk.table_name = 'attribute_histories'

  [1m[36m (0.2ms)[0m  [1mSHOW CREATE TABLE `attribute_histories`[0m
  [1m[35m (0.4ms)[0m  SELECT fk.referenced_table_name as 'to_table'
      ,fk.referenced_column_name as 'primary_key'
      ,fk.column_name as 'column'
      ,fk.constraint_name as 'name'
FROM information_schema.key_column_usage fk
WHERE fk.referenced_column_name is not null
  AND fk.table_schema = 'looknow_development'
  AND fk.table_name = 'properties'

  [1m[36m (0.2ms)[0m  [1mSHOW CREATE TABLE `properties`[0m
  [1m[35m (0.4ms)[0m  SELECT fk.referenced_table_name as 'to_table'
      ,fk.referenced_column_name as 'primary_key'
      ,fk.column_name as 'column'
      ,fk.constraint_name as 'name'
FROM information_schema.key_column_usage fk
WHERE fk.referenced_column_name is not null
  AND fk.table_schema = 'looknow_development'
  AND fk.table_name = 'property_detail_histories'

  [1m[36m (0.2ms)[0m  [1mSHOW CREATE TABLE `property_detail_histories`[0m
  [1m[35m (0.5ms)[0m  SELECT fk.referenced_table_name as 'to_table'
      ,fk.referenced_column_name as 'primary_key'
      ,fk.column_name as 'column'
      ,fk.constraint_name as 'name'
FROM information_schema.key_column_usage fk
WHERE fk.referenced_column_name is not null
  AND fk.table_schema = 'looknow_development'
  AND fk.table_name = 'property_details'

  [1m[36m (0.3ms)[0m  [1mSHOW CREATE TABLE `property_details`[0m
  [1m[35m (0.4ms)[0m  SELECT fk.referenced_table_name as 'to_table'
      ,fk.referenced_column_name as 'primary_key'
      ,fk.column_name as 'column'
      ,fk.constraint_name as 'name'
FROM information_schema.key_column_usage fk
WHERE fk.referenced_column_name is not null
  AND fk.table_schema = 'looknow_development'
  AND fk.table_name = 'property_infos'

  [1m[36m (0.5ms)[0m  [1mSHOW CREATE TABLE `property_infos`[0m
  [1m[35m (0.6ms)[0m  SELECT fk.referenced_table_name as 'to_table'
      ,fk.referenced_column_name as 'primary_key'
      ,fk.column_name as 'column'
      ,fk.constraint_name as 'name'
FROM information_schema.key_column_usage fk
WHERE fk.referenced_column_name is not null
  AND fk.table_schema = 'looknow_development'
  AND fk.table_name = 'taggings'

  [1m[36m (0.6ms)[0m  [1mSHOW CREATE TABLE `taggings`[0m
  [1m[35m (0.5ms)[0m  SELECT fk.referenced_table_name as 'to_table'
      ,fk.referenced_column_name as 'primary_key'
      ,fk.column_name as 'column'
      ,fk.constraint_name as 'name'
FROM information_schema.key_column_usage fk
WHERE fk.referenced_column_name is not null
  AND fk.table_schema = 'looknow_development'
  AND fk.table_name = 'tags'

  [1m[36m (0.3ms)[0m  [1mSHOW CREATE TABLE `tags`[0m
  [1m[35m (0.5ms)[0m  SELECT fk.referenced_table_name as 'to_table'
      ,fk.referenced_column_name as 'primary_key'
      ,fk.column_name as 'column'
      ,fk.constraint_name as 'name'
FROM information_schema.key_column_usage fk
WHERE fk.referenced_column_name is not null
  AND fk.table_schema = 'looknow_development'
  AND fk.table_name = 'users'

  [1m[36m (0.5ms)[0m  [1mSHOW CREATE TABLE `users`[0m


Started GET "/" for ::1 at 2015-04-25 16:50:35 +0530
  [1m[36mActiveRecord::SchemaMigration Load (0.3ms)[0m  [1mSELECT `schema_migrations`.* FROM `schema_migrations`[0m
Processing by HomeController#index as HTML
  [1m[35mUser Load (0.5ms)[0m  SELECT  `users`.* FROM `users` WHERE `users`.`id` = 1  ORDER BY `users`.`id` ASC LIMIT 1
Completed 401 Unauthorized in 39ms


Started GET "/users/sign_in" for ::1 at 2015-04-25 16:50:35 +0530
Processing by SessionsController#new as HTML
  Rendered sessions/new.html.erb within layouts/application (33.8ms)
Completed 200 OK in 500ms (Views: 481.7ms | ActiveRecord: 0.0ms)


Started GET "/assets/properties.self-e3b0c44298fc1c149afbf4c8996fb92427ae41e4649b934ca495991b7852b855.css?body=1" for ::1 at 2015-04-25 16:50:36 +0530


Started GET "/assets/bootstrap.min.self-4fb47523e1659d44635cff48691ecabad11eb8cd0fd6e5178df255b9d46a4e70.css?body=1" for ::1 at 2015-04-25 16:50:36 +0530


Started GET "/assets/home.self-e3b0c44298fc1c149afbf4c8996fb92427ae41e4649b934ca495991b7852b855.css?body=1" for ::1 at 2015-04-25 16:50:36 +0530


Started GET "/assets/property_details.self-e3b0c44298fc1c149afbf4c8996fb92427ae41e4649b934ca495991b7852b855.css?body=1" for ::1 at 2015-04-25 16:50:36 +0530


Started GET "/assets/property_infos.self-e3b0c44298fc1c149afbf4c8996fb92427ae41e4649b934ca495991b7852b855.css?body=1" for ::1 at 2015-04-25 16:50:36 +0530


Started GET "/assets/sessions.self-e3b0c44298fc1c149afbf4c8996fb92427ae41e4649b934ca495991b7852b855.css?body=1" for ::1 at 2015-04-25 16:50:36 +0530


Started GET "/assets/registration.self-e3b0c44298fc1c149afbf4c8996fb92427ae41e4649b934ca495991b7852b855.css?body=1" for ::1 at 2015-04-25 16:50:36 +0530


Started GET "/assets/application.self-d885a0a66bd595c10edb24f8879f94e334d88be0730c4d7c7a7b57c731c09037.css?body=1" for ::1 at 2015-04-25 16:50:36 +0530


Started GET "/assets/jquery.self-d03a5518f45df77341bdbe6201ba3bfa547ebba8ed64f0ea56bfa5f96ea7c074.js?body=1" for ::1 at 2015-04-25 16:50:36 +0530


Started GET "/assets/jquery_ujs.self-8e98a7a072a6cee1372d19fff9ff3e6aa1e39a37d89d6f06861637d061113ee7.js?body=1" for ::1 at 2015-04-25 16:50:36 +0530


Started GET "/assets/turbolinks.self-c37727e9bd6b2735da5c311aa83fead54ed0be6cc8bd9a65309e9c5abe2cbfff.js?body=1" for ::1 at 2015-04-25 16:50:36 +0530


Started GET "/assets/bootstrap.min.self-cc4d73de6a68bbc5e81a5b498a1a30524a6ec86cf537cc9ef30c4d5f032e727d.js?body=1" for ::1 at 2015-04-25 16:50:36 +0530


Started GET "/assets/home.self-877aef30ae1b040ab8a3aba4e3e309a11d7f2612f44dde450b5c157aa5f95c05.js?body=1" for ::1 at 2015-04-25 16:50:36 +0530


Started GET "/assets/sessions.self-877aef30ae1b040ab8a3aba4e3e309a11d7f2612f44dde450b5c157aa5f95c05.js?body=1" for ::1 at 2015-04-25 16:50:36 +0530


Started GET "/assets/property_details.self-877aef30ae1b040ab8a3aba4e3e309a11d7f2612f44dde450b5c157aa5f95c05.js?body=1" for ::1 at 2015-04-25 16:50:36 +0530


Started GET "/assets/property_infos.self-877aef30ae1b040ab8a3aba4e3e309a11d7f2612f44dde450b5c157aa5f95c05.js?body=1" for ::1 at 2015-04-25 16:50:36 +0530


Started GET "/assets/registration.self-877aef30ae1b040ab8a3aba4e3e309a11d7f2612f44dde450b5c157aa5f95c05.js?body=1" for ::1 at 2015-04-25 16:50:36 +0530


Started GET "/assets/properties.self-877aef30ae1b040ab8a3aba4e3e309a11d7f2612f44dde450b5c157aa5f95c05.js?body=1" for ::1 at 2015-04-25 16:50:36 +0530


Started GET "/assets/application.self-f98a0dd27ad1c55b2b9cfe97296d4887e5d4a4535b3bbbf9130c1050771738b2.js?body=1" for ::1 at 2015-04-25 16:50:36 +0530


Started GET "/users/password/new" for ::1 at 2015-04-25 16:50:45 +0530
Processing by Devise::PasswordsController#new as HTML
  Rendered /Users/praveen.sah/.rvm/gems/ruby-2.1.2/gems/devise-3.4.1/app/views/devise/shared/_links.html.erb (13.0ms)
  Rendered /Users/praveen.sah/.rvm/gems/ruby-2.1.2/gems/devise-3.4.1/app/views/devise/passwords/new.html.erb within layouts/application (28.6ms)
Completed 200 OK in 123ms (Views: 121.2ms | ActiveRecord: 0.0ms)


Started GET "/users/sign_up" for ::1 at 2015-04-25 16:50:47 +0530
Processing by RegistrationController#new as HTML
  Rendered registration/new.html.erb within layouts/homepage (7.5ms)
Completed 200 OK in 102ms (Views: 100.5ms | ActiveRecord: 0.0ms)


Started POST "/users" for ::1 at 2015-04-25 16:51:00 +0530
Processing by RegistrationController#create as HTML
  Parameters: {"utf8"=>"✓", "authenticity_token"=>"JkNUXJ+OtBnljlMJjAQQ2WVumkxJ3m8OAhMBO4N2pm8r6Ip618reyuf0DXfsBfl1i58XPG8ZRvJ8ZXz3XL/LYw==", "user"=>{"name"=>"Praveen Sah", "email"=>"thepraveen0207@gmail.com", "password"=>"[FILTERED]", "password_confirmation"=>"[FILTERED]"}}
  [1m[36m (0.2ms)[0m  [1mBEGIN[0m
  [1m[35mUser Exists (0.4ms)[0m  SELECT  1 AS one FROM `users` WHERE `users`.`email` = BINARY 'thepraveen0207@gmail.com' LIMIT 1
  [1m[36mSQL (0.8ms)[0m  [1mINSERT INTO `users` (`name`, `email`, `encrypted_password`, `created_at`, `updated_at`) VALUES ('Praveen Sah', 'thepraveen0207@gmail.com', '$2a$10$mw6g0AIMHSYM9d4/7b0P0eW2BIjLb52w8Ph5Fx5TFtu3YAaEpxXF.', '2015-04-25 11:21:00.378972', '2015-04-25 11:21:00.378972')[0m
  [1m[35m (0.6ms)[0m  COMMIT
  [1m[36m (0.2ms)[0m  [1mBEGIN[0m
  [1m[35mSQL (0.4ms)[0m  UPDATE `users` SET `last_sign_in_at` = '2015-04-25 11:21:00.383541', `current_sign_in_at` = '2015-04-25 11:21:00.383541', `last_sign_in_ip` = '::1', `current_sign_in_ip` = '::1', `sign_in_count` = 1, `updated_at` = '2015-04-25 11:21:00.385850' WHERE `users`.`id` = 1
  [1m[36m (0.7ms)[0m  [1mCOMMIT[0m
Redirected to http://localhost:3000/
Completed 302 Found in 135ms (ActiveRecord: 3.4ms)


Started GET "/" for ::1 at 2015-04-25 16:51:00 +0530
Processing by HomeController#index as HTML
  [1m[35mUser Load (0.6ms)[0m  SELECT  `users`.* FROM `users` WHERE `users`.`id` = 1  ORDER BY `users`.`id` ASC LIMIT 1
  Rendered home/index.html.erb within layouts/application (0.4ms)
Completed 200 OK in 109ms (Views: 105.2ms | ActiveRecord: 0.6ms)
  [1m[36mUser Load (0.5ms)[0m  [1mSELECT  `users`.* FROM `users`  ORDER BY `users`.`id` ASC LIMIT 1[0m
  [1m[35m (0.2ms)[0m  BEGIN
  [1m[36mSQL (0.4ms)[0m  [1mINSERT INTO `properties` (`user_id`, `status`, `latitude`, `longitude`, `boundary`, `typee`, `sub_type`, `landmark`, `created_at`, `updated_at`) VALUES (1, 'created', 1.0, 1.0, '{}', 'land', 'residential', '1', '2015-04-25 11:23:19.837002', '2015-04-25 11:23:19.837002')[0m
  [1m[35m (0.3ms)[0m  COMMIT
  [1m[36mProperty Load (0.4ms)[0m  [1mSELECT  `properties`.* FROM `properties`  ORDER BY `properties`.`id` ASC LIMIT 1[0m
  [1m[35mProperty Load (0.4ms)[0m  SELECT  `properties`.* FROM `properties`  ORDER BY `properties`.`id` ASC LIMIT 1
  [1m[36mActsAsTaggableOn::Tag Load (0.4ms)[0m  [1mSELECT `tags`.* FROM `tags` INNER JOIN `taggings` ON `tags`.`id` = `taggings`.`tag_id` WHERE `taggings`.`taggable_id` = 1 AND `taggings`.`taggable_type` = 'Property' AND (taggings.context = 'tags' AND taggings.tagger_id IS NULL)[0m
  [1m[35mActsAsTaggableOn::Tag Load (0.4ms)[0m  SELECT  `tags`.* FROM `tags`  ORDER BY taggings_count desc LIMIT 20
  [1m[36mActsAsTaggableOn::Tag Load (0.3ms)[0m  [1mSELECT `tags`.* FROM `tags`[0m
  [1m[35m (0.2ms)[0m  BEGIN
  [1m[36mActsAsTaggableOn::Tag Load (4.3ms)[0m  [1mSELECT `tags`.* FROM `tags` WHERE (LOWER(name) = LOWER('hot'))[0m
  [1m[35mActsAsTaggableOn::Tag Exists (0.5ms)[0m  SELECT  1 AS one FROM `tags` WHERE `tags`.`name` = 'hot' LIMIT 1
  [1m[36mSQL (0.4ms)[0m  [1mINSERT INTO `tags` (`name`) VALUES ('hot')[0m
  [1m[35mActsAsTaggableOn::Tag Load (0.4ms)[0m  SELECT `tags`.* FROM `tags` INNER JOIN `taggings` ON `tags`.`id` = `taggings`.`tag_id` WHERE `taggings`.`taggable_id` = 1 AND `taggings`.`taggable_type` = 'Property' AND (taggings.context = 'tags' AND taggings.tagger_id IS NULL)
  [1m[36mActsAsTaggableOn::Tagging Exists (0.8ms)[0m  [1mSELECT  1 AS one FROM `taggings` WHERE (`taggings`.`tag_id` = BINARY 1 AND `taggings`.`taggable_type` = 'Property' AND `taggings`.`taggable_id` = 1 AND `taggings`.`context` = 'tags' AND `taggings`.`tagger_id` IS NULL AND `taggings`.`tagger_type` IS NULL) LIMIT 1[0m
  [1m[35mSQL (0.3ms)[0m  INSERT INTO `taggings` (`tag_id`, `context`, `taggable_id`, `taggable_type`, `created_at`) VALUES (1, 'tags', 1, 'Property', '2015-04-25 11:27:07.089007')
  [1m[36mActsAsTaggableOn::Tag Load (0.4ms)[0m  [1mSELECT  `tags`.* FROM `tags` WHERE `tags`.`id` = 1 LIMIT 1[0m
  [1m[35mSQL (2.9ms)[0m  UPDATE `tags` SET `taggings_count` = COALESCE(`taggings_count`, 0) + 1 WHERE `tags`.`id` = 1
  [1m[36m (0.6ms)[0m  [1mCOMMIT[0m
  [1m[35mActsAsTaggableOn::Tag Load (0.5ms)[0m  SELECT  `tags`.* FROM `tags`  ORDER BY taggings_count desc LIMIT 20
  [1m[36mActsAsTaggableOn::Tag Load (2.4ms)[0m  [1mSELECT `tags`.* FROM `tags` WHERE (LOWER(name) = LOWER('hot'))[0m
  [1m[35mProperty Load (0.6ms)[0m  SELECT `properties`.* FROM `properties` JOIN taggings properties_taggings_4bd8edd  ON properties_taggings_4bd8edd.taggable_id = properties.id AND properties_taggings_4bd8edd.taggable_type = 'Property' AND properties_taggings_4bd8edd.tag_id = 1
  [1m[36mActsAsTaggableOn::Tag Load (0.4ms)[0m  [1mSELECT `tags`.* FROM `tags` WHERE (LOWER(name) = LOWER('hot1'))[0m
  [1m[35mProperty Load (0.2ms)[0m  SELECT `properties`.* FROM `properties` WHERE (1 = 0)
  [1m[36m (34.2ms)[0m  [1mCREATE TABLE `schema_migrations` (`version` varchar(255) NOT NULL) ENGINE=InnoDB[0m
  [1m[35m (38.4ms)[0m  CREATE UNIQUE INDEX `unique_schema_migrations`  ON `schema_migrations` (`version`) 
  [1m[36mActiveRecord::SchemaMigration Load (0.2ms)[0m  [1mSELECT `schema_migrations`.* FROM `schema_migrations`[0m
Migrating to DeviseCreateUsers (20150425083704)
DEPRECATION WARNING: `#timestamp` was called without specifying an option for `null`. In Rails 5, this behavior will change to `null: false`. You should manually specify `null: true` to prevent the behavior of your existing migrations from changing. (called from emit_warning_if_null_unspecified at /Users/praveen.sah/.rvm/gems/ruby-2.1.2@global/gems/activerecord-4.2.0/lib/active_record/connection_adapters/abstract/schema_definitions.rb:63)
  [1m[35m (13.0ms)[0m  CREATE TABLE `users` (`id` int(11) auto_increment PRIMARY KEY, `email` varchar(255) DEFAULT '' NOT NULL, `encrypted_password` varchar(255) DEFAULT '' NOT NULL, `reset_password_token` varchar(255), `reset_password_sent_at` datetime, `remember_created_at` datetime, `sign_in_count` int(11) DEFAULT 0 NOT NULL, `current_sign_in_at` datetime, `last_sign_in_at` datetime, `current_sign_in_ip` varchar(255), `last_sign_in_ip` varchar(255), `created_at` datetime, `updated_at` datetime) ENGINE=InnoDB
  [1m[36m (19.9ms)[0m  [1mCREATE UNIQUE INDEX `index_users_on_email`  ON `users` (`email`) [0m
  [1m[35m (12.4ms)[0m  CREATE UNIQUE INDEX `index_users_on_reset_password_token`  ON `users` (`reset_password_token`) 
  [1m[36m (0.3ms)[0m  [1mBEGIN[0m
  [1m[35mSQL (0.7ms)[0m  INSERT INTO `schema_migrations` (`version`) VALUES ('20150425083704')
  [1m[36m (0.6ms)[0m  [1mCOMMIT[0m
Migrating to AddNameToUser (20150425090541)
  [1m[35m (31.1ms)[0m  ALTER TABLE `users` ADD `name` varchar(255)
  [1m[36m (0.3ms)[0m  [1mBEGIN[0m
  [1m[35mSQL (0.6ms)[0m  INSERT INTO `schema_migrations` (`version`) VALUES ('20150425090541')
  [1m[36m (0.5ms)[0m  [1mCOMMIT[0m
Migrating to CreateProperties (20150425101609)
  [1m[35m (20.3ms)[0m  CREATE TABLE `properties` (`id` int(11) auto_increment PRIMARY KEY, `status` varchar(255), `user_id` bigint NOT NULL, `latitude` float, `longitude` float, `boundary` text, `typee` varchar(255), `sub_type` varchar(255), `landmark` varchar(255), `created_at` datetime NOT NULL, `updated_at` datetime NOT NULL) ENGINE=InnoDB
  [1m[36m (0.1ms)[0m  [1mBEGIN[0m
  [1m[35mSQL (0.2ms)[0m  INSERT INTO `schema_migrations` (`version`) VALUES ('20150425101609')
  [1m[36m (0.3ms)[0m  [1mCOMMIT[0m
Migrating to CreatePropertyDetails (20150425102846)
  [1m[35m (19.2ms)[0m  CREATE TABLE `property_details` (`id` int(11) auto_increment PRIMARY KEY, `property_id` bigint NOT NULL, `name` varchar(255), `value` varchar(255), `comments` text, `created_at` datetime NOT NULL, `updated_at` datetime NOT NULL) ENGINE=InnoDB
  [1m[36m (0.4ms)[0m  [1mBEGIN[0m
  [1m[35mSQL (0.6ms)[0m  INSERT INTO `schema_migrations` (`version`) VALUES ('20150425102846')
  [1m[36m (0.8ms)[0m  [1mCOMMIT[0m
Migrating to CreatePropertyDetailHistories (20150425103019)
  [1m[35m (22.8ms)[0m  CREATE TABLE `property_detail_histories` (`id` int(11) auto_increment PRIMARY KEY, `property_detail_id` bigint NOT NULL, `from` varchar(20), `to` varchar(20) NOT NULL, `event` varchar(50), `user_id` varchar(20), `change_reason` varchar(50), `change_sub_reason` varchar(50), `created_at` datetime NOT NULL, `updated_at` datetime NOT NULL) ENGINE=InnoDB
  [1m[36m (0.6ms)[0m  [1mBEGIN[0m
  [1m[35mSQL (1.0ms)[0m  INSERT INTO `schema_migrations` (`version`) VALUES ('20150425103019')
  [1m[36m (1.5ms)[0m  [1mCOMMIT[0m
Migrating to CreatePropertyInfos (20150425103549)
  [1m[35m (22.5ms)[0m  CREATE TABLE `property_infos` (`id` int(11) auto_increment PRIMARY KEY, `property_id` bigint NOT NULL, `name` varchar(255), `details` varchar(255), `source` varchar(255), `comments` text, `created_at` datetime NOT NULL, `updated_at` datetime NOT NULL) ENGINE=InnoDB
  [1m[36m (0.2ms)[0m  [1mBEGIN[0m
  [1m[35mSQL (0.3ms)[0m  INSERT INTO `schema_migrations` (`version`) VALUES ('20150425103549')
  [1m[36m (1.5ms)[0m  [1mCOMMIT[0m
Migrating to ActsAsTaggableOnMigration (20150425105615)
  [1m[35m (21.9ms)[0m  CREATE TABLE `tags` (`id` int(11) auto_increment PRIMARY KEY, `name` varchar(255)) ENGINE=InnoDB
  [1m[36m (40.8ms)[0m  [1mCREATE TABLE `taggings` (`id` int(11) auto_increment PRIMARY KEY, `tag_id` int(11), `taggable_id` int(11), `taggable_type` varchar(255), `tagger_id` int(11), `tagger_type` varchar(255), `context` varchar(128), `created_at` datetime) ENGINE=InnoDB[0m
  [1m[35m (58.1ms)[0m  CREATE  INDEX `index_taggings_on_tag_id`  ON `taggings` (`tag_id`) 
  [1m[36m (39.9ms)[0m  [1mCREATE  INDEX `index_taggings_on_taggable_id_and_taggable_type_and_context`  ON `taggings` (`taggable_id`, `taggable_type`, `context`) [0m
  [1m[35m (0.7ms)[0m  BEGIN
  [1m[36mSQL (1.5ms)[0m  [1mINSERT INTO `schema_migrations` (`version`) VALUES ('20150425105615')[0m
  [1m[35m (0.8ms)[0m  COMMIT
Migrating to AddMissingUniqueIndices (20150425105616)
  [1m[36m (31.8ms)[0m  [1mCREATE UNIQUE INDEX `index_tags_on_name`  ON `tags` (`name`) [0m
  [1m[35m (17.5ms)[0m  DROP INDEX `index_taggings_on_tag_id` ON `taggings`
  [1m[36m (17.4ms)[0m  [1mDROP INDEX `index_taggings_on_taggable_id_and_taggable_type_and_context` ON `taggings`[0m
  [1m[35m (16.2ms)[0m  CREATE UNIQUE INDEX `taggings_idx`  ON `taggings` (`tag_id`, `taggable_id`, `taggable_type`, `context`, `tagger_id`, `tagger_type`) 
  [1m[36m (0.3ms)[0m  [1mBEGIN[0m
  [1m[35mSQL (0.5ms)[0m  INSERT INTO `schema_migrations` (`version`) VALUES ('20150425105616')
  [1m[36m (1.2ms)[0m  [1mCOMMIT[0m
Migrating to AddTaggingsCounterCacheToTags (20150425105617)
  [1m[35m (33.2ms)[0m  ALTER TABLE `tags` ADD `taggings_count` int(11) DEFAULT 0
  [1m[36mActsAsTaggableOn::Tag Load (0.4ms)[0m  [1mSELECT  `tags`.* FROM `tags`  ORDER BY `tags`.`id` ASC LIMIT 1000[0m
  [1m[35m (4.0ms)[0m  BEGIN
  [1m[36mSQL (5.6ms)[0m  [1mINSERT INTO `schema_migrations` (`version`) VALUES ('20150425105617')[0m
  [1m[35m (0.4ms)[0m  COMMIT
Migrating to AddMissingTaggableIndex (20150425105618)
  [1m[36m (28.3ms)[0m  [1mCREATE  INDEX `index_taggings_on_taggable_id_and_taggable_type_and_context`  ON `taggings` (`taggable_id`, `taggable_type`, `context`) [0m
  [1m[35m (1.9ms)[0m  BEGIN
  [1m[36mSQL (0.6ms)[0m  [1mINSERT INTO `schema_migrations` (`version`) VALUES ('20150425105618')[0m
  [1m[35m (0.7ms)[0m  COMMIT
Migrating to ChangeCollationForTagNames (20150425105619)
  [1m[36m (43.0ms)[0m  [1mALTER TABLE tags MODIFY name varchar(255) CHARACTER SET utf8 COLLATE utf8_bin;[0m
  [1m[35m (0.2ms)[0m  BEGIN
  [1m[36mSQL (0.4ms)[0m  [1mINSERT INTO `schema_migrations` (`version`) VALUES ('20150425105619')[0m
  [1m[35m (0.4ms)[0m  COMMIT
Migrating to CreateAttributeHistories (20150425110800)
  [1m[36m (15.4ms)[0m  [1mCREATE TABLE `attribute_histories` (`id` int(11) auto_increment PRIMARY KEY, `entity` varchar(50) NOT NULL, `entity_id` bigint NOT NULL, `attribute_name` varchar(100) NOT NULL, `from_value` varchar(1024), `to_value` varchar(1024), `user_id` varchar(100), `reason` varchar(100), `comments` varchar(255), `created_at` datetime NOT NULL, `updated_at` datetime NOT NULL) ENGINE=InnoDB[0m
  [1m[35m (16.2ms)[0m  CREATE  INDEX `index_attribute_histories_on_entity_id`  ON `attribute_histories` (`entity_id`) 
  [1m[36m (20.7ms)[0m  [1mCREATE  INDEX `index_attribute_histories_on_created_at`  ON `attribute_histories` (`created_at`) [0m
  [1m[35m (0.2ms)[0m  BEGIN
  [1m[36mSQL (0.6ms)[0m  [1mINSERT INTO `schema_migrations` (`version`) VALUES ('20150425110800')[0m
  [1m[35m (1.3ms)[0m  COMMIT
Migrating to PopulateSeedDataForPropertyInfos (20150425125317)
  [1m[36m (0.2ms)[0m  [1mBEGIN[0m
  [1m[35mSQL (1.1ms)[0m  INSERT INTO `property_infos` (`property_id`, `name`, `details`, `comments`, `created_at`, `updated_at`) VALUES (1, 'price', '{\"from_price\":1000,\"to_price\":1100,\"delta_price\":100}', 'price increased', '2015-04-25 13:04:26.386372', '2015-04-25 13:04:26.386372')
  [1m[36m (0.9ms)[0m  [1mCOMMIT[0m
  [1m[35m (0.3ms)[0m  BEGIN
  [1m[36mSQL (0.4ms)[0m  [1mINSERT INTO `property_infos` (`property_id`, `name`, `details`, `comments`, `created_at`, `updated_at`) VALUES (1, 'dispute', '{\"type\":\"local\"}', 'two got killed', '2015-04-25 13:04:26.392045', '2015-04-25 13:04:26.392045')[0m
  [1m[35m (0.5ms)[0m  COMMIT
  [1m[36m (0.2ms)[0m  [1mBEGIN[0m
  [1m[35mSQL (0.4ms)[0m  INSERT INTO `property_infos` (`property_id`, `name`, `details`, `comments`, `created_at`, `updated_at`) VALUES (1, 'infra', '{\"type\":\"college\",\"date_delta\":\"1 year\"}', 'two got killed', '2015-04-25 13:04:26.396837', '2015-04-25 13:04:26.396837')
  [1m[36m (0.4ms)[0m  [1mCOMMIT[0m
  [1m[35m (0.2ms)[0m  BEGIN
  [1m[36mSQL (0.4ms)[0m  [1mINSERT INTO `property_infos` (`property_id`, `name`, `details`, `comments`, `created_at`, `updated_at`) VALUES (1, 'nature', '{\"type\":\"water_table\",\"value\":\"high\"}', 'Water level high or low', '2015-04-25 13:04:26.400696', '2015-04-25 13:04:26.400696')[0m
  [1m[35m (0.4ms)[0m  COMMIT
  [1m[36m (0.2ms)[0m  [1mBEGIN[0m
  [1m[35mSQL (0.3ms)[0m  INSERT INTO `property_infos` (`property_id`, `name`, `details`, `comments`, `created_at`, `updated_at`) VALUES (1, 'nature', '{\"type\":\"earth_quake\",\"value\":true}', 'Earthquake prone', '2015-04-25 13:04:26.404290', '2015-04-25 13:04:26.404290')
  [1m[36m (1.4ms)[0m  [1mCOMMIT[0m
  [1m[35m (0.2ms)[0m  BEGIN
  [1m[36mSQL (1.5ms)[0m  [1mINSERT INTO `property_infos` (`property_id`, `name`, `details`, `comments`, `created_at`, `updated_at`) VALUES (2, 'price', '{\"from_price\":1000,\"to_price\":1100,\"delta_price\":100}', 'price increased', '2015-04-25 13:04:26.420905', '2015-04-25 13:04:26.420905')[0m
  [1m[35m (0.7ms)[0m  COMMIT
  [1m[36m (0.2ms)[0m  [1mBEGIN[0m
  [1m[35mSQL (0.8ms)[0m  INSERT INTO `property_infos` (`property_id`, `name`, `details`, `comments`, `created_at`, `updated_at`) VALUES (2, 'dispute', '{\"type\":\"government\"}', 'Oil land', '2015-04-25 13:04:26.426479', '2015-04-25 13:04:26.426479')
  [1m[36m (0.5ms)[0m  [1mCOMMIT[0m
  [1m[35m (0.1ms)[0m  BEGIN
  [1m[36mSQL (0.8ms)[0m  [1mINSERT INTO `property_infos` (`property_id`, `name`, `details`, `comments`, `created_at`, `updated_at`) VALUES (2, 'infra', '{\"type\":\"Hospital\",\"date_delta\":\"2 years\"}', 'Close to city', '2015-04-25 13:04:26.430706', '2015-04-25 13:04:26.430706')[0m
  [1m[35m (0.4ms)[0m  COMMIT
  [1m[36m (0.8ms)[0m  [1mBEGIN[0m
  [1m[35mSQL (0.5ms)[0m  INSERT INTO `property_infos` (`property_id`, `name`, `details`, `comments`, `created_at`, `updated_at`) VALUES (2, 'nature', '{\"type\":\"water_table\",\"value\":\"low\"}', 'Water level high or low', '2015-04-25 13:04:26.436396', '2015-04-25 13:04:26.436396')
  [1m[36m (0.6ms)[0m  [1mCOMMIT[0m
  [1m[35m (0.3ms)[0m  BEGIN
  [1m[36mSQL (0.2ms)[0m  [1mINSERT INTO `schema_migrations` (`version`) VALUES ('20150425125317')[0m
  [1m[35m (0.4ms)[0m  COMMIT
  [1m[36mActiveRecord::SchemaMigration Load (0.3ms)[0m  [1mSELECT `schema_migrations`.* FROM `schema_migrations`[0m
  [1m[35m (0.4ms)[0m  SELECT fk.referenced_table_name as 'to_table'
      ,fk.referenced_column_name as 'primary_key'
      ,fk.column_name as 'column'
      ,fk.constraint_name as 'name'
FROM information_schema.key_column_usage fk
WHERE fk.referenced_column_name is not null
  AND fk.table_schema = 'looknow_development'
  AND fk.table_name = 'attribute_histories'

  [1m[36m (0.2ms)[0m  [1mSHOW CREATE TABLE `attribute_histories`[0m
  [1m[35m (0.3ms)[0m  SELECT fk.referenced_table_name as 'to_table'
      ,fk.referenced_column_name as 'primary_key'
      ,fk.column_name as 'column'
      ,fk.constraint_name as 'name'
FROM information_schema.key_column_usage fk
WHERE fk.referenced_column_name is not null
  AND fk.table_schema = 'looknow_development'
  AND fk.table_name = 'properties'

  [1m[36m (0.3ms)[0m  [1mSHOW CREATE TABLE `properties`[0m
  [1m[35m (0.4ms)[0m  SELECT fk.referenced_table_name as 'to_table'
      ,fk.referenced_column_name as 'primary_key'
      ,fk.column_name as 'column'
      ,fk.constraint_name as 'name'
FROM information_schema.key_column_usage fk
WHERE fk.referenced_column_name is not null
  AND fk.table_schema = 'looknow_development'
  AND fk.table_name = 'property_detail_histories'

  [1m[36m (0.3ms)[0m  [1mSHOW CREATE TABLE `property_detail_histories`[0m
  [1m[35m (0.7ms)[0m  SELECT fk.referenced_table_name as 'to_table'
      ,fk.referenced_column_name as 'primary_key'
      ,fk.column_name as 'column'
      ,fk.constraint_name as 'name'
FROM information_schema.key_column_usage fk
WHERE fk.referenced_column_name is not null
  AND fk.table_schema = 'looknow_development'
  AND fk.table_name = 'property_details'

  [1m[36m (0.3ms)[0m  [1mSHOW CREATE TABLE `property_details`[0m
  [1m[35m (0.4ms)[0m  SELECT fk.referenced_table_name as 'to_table'
      ,fk.referenced_column_name as 'primary_key'
      ,fk.column_name as 'column'
      ,fk.constraint_name as 'name'
FROM information_schema.key_column_usage fk
WHERE fk.referenced_column_name is not null
  AND fk.table_schema = 'looknow_development'
  AND fk.table_name = 'property_infos'

  [1m[36m (0.2ms)[0m  [1mSHOW CREATE TABLE `property_infos`[0m
  [1m[35m (0.3ms)[0m  SELECT fk.referenced_table_name as 'to_table'
      ,fk.referenced_column_name as 'primary_key'
      ,fk.column_name as 'column'
      ,fk.constraint_name as 'name'
FROM information_schema.key_column_usage fk
WHERE fk.referenced_column_name is not null
  AND fk.table_schema = 'looknow_development'
  AND fk.table_name = 'taggings'

  [1m[36m (0.2ms)[0m  [1mSHOW CREATE TABLE `taggings`[0m
  [1m[35m (0.3ms)[0m  SELECT fk.referenced_table_name as 'to_table'
      ,fk.referenced_column_name as 'primary_key'
      ,fk.column_name as 'column'
      ,fk.constraint_name as 'name'
FROM information_schema.key_column_usage fk
WHERE fk.referenced_column_name is not null
  AND fk.table_schema = 'looknow_development'
  AND fk.table_name = 'tags'

  [1m[36m (0.2ms)[0m  [1mSHOW CREATE TABLE `tags`[0m
  [1m[35m (0.2ms)[0m  SELECT fk.referenced_table_name as 'to_table'
      ,fk.referenced_column_name as 'primary_key'
      ,fk.column_name as 'column'
      ,fk.constraint_name as 'name'
FROM information_schema.key_column_usage fk
WHERE fk.referenced_column_name is not null
  AND fk.table_schema = 'looknow_development'
  AND fk.table_name = 'users'

  [1m[36m (0.2ms)[0m  [1mSHOW CREATE TABLE `users`[0m
  [1m[36m (18.7ms)[0m  [1mCREATE TABLE `schema_migrations` (`version` varchar(255) NOT NULL) ENGINE=InnoDB[0m
  [1m[35m (26.2ms)[0m  CREATE UNIQUE INDEX `unique_schema_migrations`  ON `schema_migrations` (`version`) 
  [1m[36mActiveRecord::SchemaMigration Load (0.2ms)[0m  [1mSELECT `schema_migrations`.* FROM `schema_migrations`[0m
Migrating to DeviseCreateUsers (20150425083704)
DEPRECATION WARNING: `#timestamp` was called without specifying an option for `null`. In Rails 5, this behavior will change to `null: false`. You should manually specify `null: true` to prevent the behavior of your existing migrations from changing. (called from emit_warning_if_null_unspecified at /Users/praveen.sah/.rvm/gems/ruby-2.1.2@global/gems/activerecord-4.2.0/lib/active_record/connection_adapters/abstract/schema_definitions.rb:63)
  [1m[35m (16.3ms)[0m  CREATE TABLE `users` (`id` int(11) auto_increment PRIMARY KEY, `email` varchar(255) DEFAULT '' NOT NULL, `encrypted_password` varchar(255) DEFAULT '' NOT NULL, `reset_password_token` varchar(255), `reset_password_sent_at` datetime, `remember_created_at` datetime, `sign_in_count` int(11) DEFAULT 0 NOT NULL, `current_sign_in_at` datetime, `last_sign_in_at` datetime, `current_sign_in_ip` varchar(255), `last_sign_in_ip` varchar(255), `created_at` datetime, `updated_at` datetime) ENGINE=InnoDB
  [1m[36m (15.0ms)[0m  [1mCREATE UNIQUE INDEX `index_users_on_email`  ON `users` (`email`) [0m
  [1m[35m (13.2ms)[0m  CREATE UNIQUE INDEX `index_users_on_reset_password_token`  ON `users` (`reset_password_token`) 
  [1m[36m (0.2ms)[0m  [1mBEGIN[0m
  [1m[35mSQL (0.7ms)[0m  INSERT INTO `schema_migrations` (`version`) VALUES ('20150425083704')
  [1m[36m (0.4ms)[0m  [1mCOMMIT[0m
Migrating to AddNameToUser (20150425090541)
  [1m[35m (27.1ms)[0m  ALTER TABLE `users` ADD `name` varchar(255)
  [1m[36m (0.3ms)[0m  [1mBEGIN[0m
  [1m[35mSQL (0.4ms)[0m  INSERT INTO `schema_migrations` (`version`) VALUES ('20150425090541')
  [1m[36m (0.9ms)[0m  [1mCOMMIT[0m
Migrating to CreateProperties (20150425101609)
  [1m[35m (16.4ms)[0m  CREATE TABLE `properties` (`id` int(11) auto_increment PRIMARY KEY, `status` varchar(255), `user_id` bigint NOT NULL, `latitude` float, `longitude` float, `boundary` text, `typee` varchar(255), `sub_type` varchar(255), `landmark` varchar(255), `created_at` datetime NOT NULL, `updated_at` datetime NOT NULL) ENGINE=InnoDB
  [1m[36m (0.2ms)[0m  [1mBEGIN[0m
  [1m[35mSQL (0.3ms)[0m  INSERT INTO `schema_migrations` (`version`) VALUES ('20150425101609')
  [1m[36m (0.4ms)[0m  [1mCOMMIT[0m
Migrating to CreatePropertyDetails (20150425102846)
  [1m[35m (15.4ms)[0m  CREATE TABLE `property_details` (`id` int(11) auto_increment PRIMARY KEY, `property_id` bigint NOT NULL, `name` varchar(255), `value` varchar(255), `comments` text, `created_at` datetime NOT NULL, `updated_at` datetime NOT NULL) ENGINE=InnoDB
  [1m[36m (0.2ms)[0m  [1mBEGIN[0m
  [1m[35mSQL (0.3ms)[0m  INSERT INTO `schema_migrations` (`version`) VALUES ('20150425102846')
  [1m[36m (0.4ms)[0m  [1mCOMMIT[0m
Migrating to CreatePropertyDetailHistories (20150425103019)
  [1m[35m (14.0ms)[0m  CREATE TABLE `property_detail_histories` (`id` int(11) auto_increment PRIMARY KEY, `property_detail_id` bigint NOT NULL, `from` varchar(20), `to` varchar(20) NOT NULL, `event` varchar(50), `user_id` varchar(20), `change_reason` varchar(50), `change_sub_reason` varchar(50), `created_at` datetime NOT NULL, `updated_at` datetime NOT NULL) ENGINE=InnoDB
  [1m[36m (0.2ms)[0m  [1mBEGIN[0m
  [1m[35mSQL (0.3ms)[0m  INSERT INTO `schema_migrations` (`version`) VALUES ('20150425103019')
  [1m[36m (0.5ms)[0m  [1mCOMMIT[0m
Migrating to CreatePropertyInfos (20150425103549)
  [1m[35m (12.5ms)[0m  CREATE TABLE `property_infos` (`id` int(11) auto_increment PRIMARY KEY, `property_id` bigint NOT NULL, `name` varchar(255), `details` varchar(255), `source` varchar(255), `comments` text, `created_at` datetime NOT NULL, `updated_at` datetime NOT NULL) ENGINE=InnoDB
  [1m[36m (0.2ms)[0m  [1mBEGIN[0m
  [1m[35mSQL (0.2ms)[0m  INSERT INTO `schema_migrations` (`version`) VALUES ('20150425103549')
  [1m[36m (1.9ms)[0m  [1mCOMMIT[0m
Migrating to ActsAsTaggableOnMigration (20150425105615)
  [1m[35m (12.3ms)[0m  CREATE TABLE `tags` (`id` int(11) auto_increment PRIMARY KEY, `name` varchar(255)) ENGINE=InnoDB
  [1m[36m (15.4ms)[0m  [1mCREATE TABLE `taggings` (`id` int(11) auto_increment PRIMARY KEY, `tag_id` int(11), `taggable_id` int(11), `taggable_type` varchar(255), `tagger_id` int(11), `tagger_type` varchar(255), `context` varchar(128), `created_at` datetime) ENGINE=InnoDB[0m
  [1m[35m (19.4ms)[0m  CREATE  INDEX `index_taggings_on_tag_id`  ON `taggings` (`tag_id`) 
  [1m[36m (18.9ms)[0m  [1mCREATE  INDEX `index_taggings_on_taggable_id_and_taggable_type_and_context`  ON `taggings` (`taggable_id`, `taggable_type`, `context`) [0m
  [1m[35m (0.2ms)[0m  BEGIN
  [1m[36mSQL (0.3ms)[0m  [1mINSERT INTO `schema_migrations` (`version`) VALUES ('20150425105615')[0m
  [1m[35m (0.5ms)[0m  COMMIT
Migrating to AddMissingUniqueIndices (20150425105616)
  [1m[36m (16.2ms)[0m  [1mCREATE UNIQUE INDEX `index_tags_on_name`  ON `tags` (`name`) [0m
  [1m[35m (13.3ms)[0m  DROP INDEX `index_taggings_on_tag_id` ON `taggings`
  [1m[36m (11.1ms)[0m  [1mDROP INDEX `index_taggings_on_taggable_id_and_taggable_type_and_context` ON `taggings`[0m
  [1m[35m (16.2ms)[0m  CREATE UNIQUE INDEX `taggings_idx`  ON `taggings` (`tag_id`, `taggable_id`, `taggable_type`, `context`, `tagger_id`, `tagger_type`) 
  [1m[36m (0.3ms)[0m  [1mBEGIN[0m
  [1m[35mSQL (0.7ms)[0m  INSERT INTO `schema_migrations` (`version`) VALUES ('20150425105616')
  [1m[36m (1.8ms)[0m  [1mCOMMIT[0m
Migrating to AddTaggingsCounterCacheToTags (20150425105617)
  [1m[35m (24.0ms)[0m  ALTER TABLE `tags` ADD `taggings_count` int(11) DEFAULT 0
  [1m[36mActsAsTaggableOn::Tag Load (0.3ms)[0m  [1mSELECT  `tags`.* FROM `tags`  ORDER BY `tags`.`id` ASC LIMIT 1000[0m
  [1m[35m (0.2ms)[0m  BEGIN
  [1m[36mSQL (0.4ms)[0m  [1mINSERT INTO `schema_migrations` (`version`) VALUES ('20150425105617')[0m
  [1m[35m (0.5ms)[0m  COMMIT
Migrating to AddMissingTaggableIndex (20150425105618)
  [1m[36m (19.6ms)[0m  [1mCREATE  INDEX `index_taggings_on_taggable_id_and_taggable_type_and_context`  ON `taggings` (`taggable_id`, `taggable_type`, `context`) [0m
  [1m[35m (0.2ms)[0m  BEGIN
  [1m[36mSQL (0.3ms)[0m  [1mINSERT INTO `schema_migrations` (`version`) VALUES ('20150425105618')[0m
  [1m[35m (0.4ms)[0m  COMMIT
Migrating to ChangeCollationForTagNames (20150425105619)
  [1m[36m (23.6ms)[0m  [1mALTER TABLE tags MODIFY name varchar(255) CHARACTER SET utf8 COLLATE utf8_bin;[0m
  [1m[35m (0.2ms)[0m  BEGIN
  [1m[36mSQL (0.5ms)[0m  [1mINSERT INTO `schema_migrations` (`version`) VALUES ('20150425105619')[0m
  [1m[35m (0.9ms)[0m  COMMIT
Migrating to CreateAttributeHistories (20150425110800)
  [1m[36m (18.3ms)[0m  [1mCREATE TABLE `attribute_histories` (`id` int(11) auto_increment PRIMARY KEY, `entity` varchar(50) NOT NULL, `entity_id` bigint NOT NULL, `attribute_name` varchar(100) NOT NULL, `from_value` varchar(1024), `to_value` varchar(1024), `user_id` varchar(100), `reason` varchar(100), `comments` varchar(255), `created_at` datetime NOT NULL, `updated_at` datetime NOT NULL) ENGINE=InnoDB[0m
  [1m[35m (16.5ms)[0m  CREATE  INDEX `index_attribute_histories_on_entity_id`  ON `attribute_histories` (`entity_id`) 
  [1m[36m (16.4ms)[0m  [1mCREATE  INDEX `index_attribute_histories_on_created_at`  ON `attribute_histories` (`created_at`) [0m
  [1m[35m (0.3ms)[0m  BEGIN
  [1m[36mSQL (0.3ms)[0m  [1mINSERT INTO `schema_migrations` (`version`) VALUES ('20150425110800')[0m
  [1m[35m (0.5ms)[0m  COMMIT
Migrating to PopulateSeedDataForPropertyInfos (20150425125317)
  [1m[36m (0.2ms)[0m  [1mBEGIN[0m
  [1m[35mSQL (0.3ms)[0m  INSERT INTO `property_infos` (`property_id`, `source`, `name`, `details`, `comments`, `created_at`, `updated_at`) VALUES (1, 'https://localhost:3000', 'price', '{\"from_price\":1000,\"to_price\":1100,\"delta_price\":100}', 'price increased', '2015-04-25 13:09:23.366989', '2015-04-25 13:09:23.366989')
  [1m[36m (1.0ms)[0m  [1mCOMMIT[0m
  [1m[35m (0.2ms)[0m  BEGIN
  [1m[36mSQL (0.3ms)[0m  [1mINSERT INTO `property_infos` (`property_id`, `source`, `name`, `details`, `comments`, `created_at`, `updated_at`) VALUES (1, 'https://localhost:3000', 'dispute', '{\"type\":\"local\"}', 'two got killed', '2015-04-25 13:09:23.371177', '2015-04-25 13:09:23.371177')[0m
  [1m[35m (0.3ms)[0m  COMMIT
  [1m[36m (0.1ms)[0m  [1mBEGIN[0m
  [1m[35mSQL (0.3ms)[0m  INSERT INTO `property_infos` (`property_id`, `source`, `name`, `details`, `comments`, `created_at`, `updated_at`) VALUES (1, 'https://localhost:3000', 'infra', '{\"type\":\"college\",\"date_delta\":\"1 year\"}', 'two got killed', '2015-04-25 13:09:23.374148', '2015-04-25 13:09:23.374148')
  [1m[36m (1.9ms)[0m  [1mCOMMIT[0m
  [1m[35m (0.2ms)[0m  BEGIN
  [1m[36mSQL (0.6ms)[0m  [1mINSERT INTO `property_infos` (`property_id`, `source`, `name`, `details`, `comments`, `created_at`, `updated_at`) VALUES (1, 'https://localhost:3000', 'nature', '{\"type\":\"water_table\",\"value\":\"high\"}', 'Water level high or low', '2015-04-25 13:09:23.379094', '2015-04-25 13:09:23.379094')[0m
  [1m[35m (0.5ms)[0m  COMMIT
  [1m[36m (0.2ms)[0m  [1mBEGIN[0m
  [1m[35mSQL (0.4ms)[0m  INSERT INTO `property_infos` (`property_id`, `source`, `name`, `details`, `comments`, `created_at`, `updated_at`) VALUES (1, 'https://localhost:3000', 'nature', '{\"type\":\"earth_quake\",\"value\":true}', 'Earthquake prone', '2015-04-25 13:09:23.383877', '2015-04-25 13:09:23.383877')
  [1m[36m (0.7ms)[0m  [1mCOMMIT[0m
  [1m[35m (0.6ms)[0m  BEGIN
  [1m[36mSQL (1.4ms)[0m  [1mINSERT INTO `property_infos` (`property_id`, `source`, `name`, `details`, `comments`, `created_at`, `updated_at`) VALUES (2, 'https://twitter.com', 'price', '{\"from_price\":1000,\"to_price\":1100,\"delta_price\":100}', 'price increased', '2015-04-25 13:09:23.388796', '2015-04-25 13:09:23.388796')[0m
  [1m[35m (0.9ms)[0m  COMMIT
  [1m[36m (0.2ms)[0m  [1mBEGIN[0m
  [1m[35mSQL (8.2ms)[0m  INSERT INTO `property_infos` (`property_id`, `source`, `name`, `details`, `comments`, `created_at`, `updated_at`) VALUES (2, 'https://twitter.com', 'dispute', '{\"type\":\"government\"}', 'Oil land', '2015-04-25 13:09:23.394677', '2015-04-25 13:09:23.394677')
  [1m[36m (4.7ms)[0m  [1mCOMMIT[0m
  [1m[35m (1.0ms)[0m  BEGIN
  [1m[36mSQL (0.4ms)[0m  [1mINSERT INTO `property_infos` (`property_id`, `source`, `name`, `details`, `comments`, `created_at`, `updated_at`) VALUES (2, 'https://twitter.com', 'infra', '{\"type\":\"Hospital\",\"date_delta\":\"2 years\"}', 'Close to city', '2015-04-25 13:09:23.419274', '2015-04-25 13:09:23.419274')[0m
  [1m[35m (2.5ms)[0m  COMMIT
  [1m[36m (0.2ms)[0m  [1mBEGIN[0m
  [1m[35mSQL (0.5ms)[0m  INSERT INTO `property_infos` (`property_id`, `source`, `name`, `details`, `comments`, `created_at`, `updated_at`) VALUES (2, 'https://twitter.com', 'nature', '{\"type\":\"water_table\",\"value\":\"low\"}', 'Water level high or low', '2015-04-25 13:09:23.425760', '2015-04-25 13:09:23.425760')
  [1m[36m (0.5ms)[0m  [1mCOMMIT[0m
  [1m[35m (0.2ms)[0m  BEGIN
  [1m[36mSQL (0.5ms)[0m  [1mINSERT INTO `schema_migrations` (`version`) VALUES ('20150425125317')[0m
  [1m[35m (2.8ms)[0m  COMMIT
  [1m[36mActiveRecord::SchemaMigration Load (0.4ms)[0m  [1mSELECT `schema_migrations`.* FROM `schema_migrations`[0m
  [1m[35m (0.4ms)[0m  SELECT fk.referenced_table_name as 'to_table'
      ,fk.referenced_column_name as 'primary_key'
      ,fk.column_name as 'column'
      ,fk.constraint_name as 'name'
FROM information_schema.key_column_usage fk
WHERE fk.referenced_column_name is not null
  AND fk.table_schema = 'looknow_development'
  AND fk.table_name = 'attribute_histories'

  [1m[36m (0.2ms)[0m  [1mSHOW CREATE TABLE `attribute_histories`[0m
  [1m[35m (0.4ms)[0m  SELECT fk.referenced_table_name as 'to_table'
      ,fk.referenced_column_name as 'primary_key'
      ,fk.column_name as 'column'
      ,fk.constraint_name as 'name'
FROM information_schema.key_column_usage fk
WHERE fk.referenced_column_name is not null
  AND fk.table_schema = 'looknow_development'
  AND fk.table_name = 'properties'

  [1m[36m (0.4ms)[0m  [1mSHOW CREATE TABLE `properties`[0m
  [1m[35m (0.5ms)[0m  SELECT fk.referenced_table_name as 'to_table'
      ,fk.referenced_column_name as 'primary_key'
      ,fk.column_name as 'column'
      ,fk.constraint_name as 'name'
FROM information_schema.key_column_usage fk
WHERE fk.referenced_column_name is not null
  AND fk.table_schema = 'looknow_development'
  AND fk.table_name = 'property_detail_histories'

  [1m[36m (0.4ms)[0m  [1mSHOW CREATE TABLE `property_detail_histories`[0m
  [1m[35m (0.6ms)[0m  SELECT fk.referenced_table_name as 'to_table'
      ,fk.referenced_column_name as 'primary_key'
      ,fk.column_name as 'column'
      ,fk.constraint_name as 'name'
FROM information_schema.key_column_usage fk
WHERE fk.referenced_column_name is not null
  AND fk.table_schema = 'looknow_development'
  AND fk.table_name = 'property_details'

  [1m[36m (0.5ms)[0m  [1mSHOW CREATE TABLE `property_details`[0m
  [1m[35m (0.4ms)[0m  SELECT fk.referenced_table_name as 'to_table'
      ,fk.referenced_column_name as 'primary_key'
      ,fk.column_name as 'column'
      ,fk.constraint_name as 'name'
FROM information_schema.key_column_usage fk
WHERE fk.referenced_column_name is not null
  AND fk.table_schema = 'looknow_development'
  AND fk.table_name = 'property_infos'

  [1m[36m (0.2ms)[0m  [1mSHOW CREATE TABLE `property_infos`[0m
  [1m[35m (0.4ms)[0m  SELECT fk.referenced_table_name as 'to_table'
      ,fk.referenced_column_name as 'primary_key'
      ,fk.column_name as 'column'
      ,fk.constraint_name as 'name'
FROM information_schema.key_column_usage fk
WHERE fk.referenced_column_name is not null
  AND fk.table_schema = 'looknow_development'
  AND fk.table_name = 'taggings'

  [1m[36m (0.3ms)[0m  [1mSHOW CREATE TABLE `taggings`[0m
  [1m[35m (1.3ms)[0m  SELECT fk.referenced_table_name as 'to_table'
      ,fk.referenced_column_name as 'primary_key'
      ,fk.column_name as 'column'
      ,fk.constraint_name as 'name'
FROM information_schema.key_column_usage fk
WHERE fk.referenced_column_name is not null
  AND fk.table_schema = 'looknow_development'
  AND fk.table_name = 'tags'

  [1m[36m (1.1ms)[0m  [1mSHOW CREATE TABLE `tags`[0m
  [1m[35m (0.6ms)[0m  SELECT fk.referenced_table_name as 'to_table'
      ,fk.referenced_column_name as 'primary_key'
      ,fk.column_name as 'column'
      ,fk.constraint_name as 'name'
FROM information_schema.key_column_usage fk
WHERE fk.referenced_column_name is not null
  AND fk.table_schema = 'looknow_development'
  AND fk.table_name = 'users'

  [1m[36m (0.3ms)[0m  [1mSHOW CREATE TABLE `users`[0m
